<?xml version="1.0" encoding="UTF-8" standalone="no"?>
<!DOCTYPE log SYSTEM "logger.dtd">
<log>
<record>
  <date>2019-09-18T23:35:26</date>
  <millis>1568867726528</millis>
  <sequence>0</sequence>
  <level>START</level>
  <class>com.kms.katalon.core.logging.XmlKeywordLogger</class>
  <method>startSuite</method>
  <thread>1</thread>
  <message>Start Test Suite : Test Suites/Certpay_Consumer/Make_Payment</message>
  <nestedLevel>0</nestedLevel>
  <property name="name">Make_Payment</property>
  <property name="description"></property>
  <property name="id">Test Suites/Certpay_Consumer/Make_Payment</property>
</record>
<record>
  <date>2019-09-18T23:35:26</date>
  <millis>1568867726568</millis>
  <sequence>1</sequence>
  <level>RUN_DATA</level>
  <class>com.kms.katalon.core.logging.XmlKeywordLogger</class>
  <method>logMessage</method>
  <thread>1</thread>
  <message>hostName = Pratyusha.Nulu - FW1-D-DTA-ZENQ2</message>
  <nestedLevel>0</nestedLevel>
  <property name="hostName">Pratyusha.Nulu - FW1-D-DTA-ZENQ2</property>
</record>
<record>
  <date>2019-09-18T23:35:26</date>
  <millis>1568867726581</millis>
  <sequence>2</sequence>
  <level>RUN_DATA</level>
  <class>com.kms.katalon.core.logging.XmlKeywordLogger</class>
  <method>logMessage</method>
  <thread>1</thread>
  <message>os = Windows 10 64bit</message>
  <nestedLevel>0</nestedLevel>
  <property name="os">Windows 10 64bit</property>
</record>
<record>
  <date>2019-09-18T23:35:26</date>
  <millis>1568867726589</millis>
  <sequence>3</sequence>
  <level>RUN_DATA</level>
  <class>com.kms.katalon.core.logging.XmlKeywordLogger</class>
  <method>logMessage</method>
  <thread>1</thread>
  <message>hostAddress = 172.25.52.169</message>
  <nestedLevel>0</nestedLevel>
  <property name="hostAddress">172.25.52.169</property>
</record>
<record>
  <date>2019-09-18T23:35:26</date>
  <millis>1568867726605</millis>
  <sequence>4</sequence>
  <level>RUN_DATA</level>
  <class>com.kms.katalon.core.logging.XmlKeywordLogger</class>
  <method>logMessage</method>
  <thread>1</thread>
  <message>katalonVersion = 6.3.2.4</message>
  <nestedLevel>0</nestedLevel>
  <property name="katalonVersion">6.3.2.4</property>
</record>
<record>
  <date>2019-09-18T23:35:26</date>
  <millis>1568867726983</millis>
  <sequence>5</sequence>
  <level>START</level>
  <class>com.kms.katalon.core.logging.XmlKeywordLogger</class>
  <method>startTest</method>
  <thread>1</thread>
  <message>Start Test Case : Test Cases/Make_Payment/TC_Payment_001</message>
  <nestedLevel>1</nestedLevel>
  <property name="name">Test Cases/Make_Payment/TC_Payment_001</property>
  <property name="description"></property>
  <property name="id">Test Cases/Make_Payment/TC_Payment_001</property>
  <property name="source">C:\\Users\\Pratyusha.Nulu\\Katalon Studio\\CertpayConsumer\\Test Cases\\Make_Payment\\TC_Payment_001.tc</property>
  <property name="tag"></property>
  <property name="isOptional">false</property>
</record>
<record>
  <date>2019-09-18T23:35:27</date>
  <millis>1568867727179</millis>
  <sequence>7</sequence>
  <level>INFO</level>
  <class>com.kms.katalon.core.logging.XmlKeywordLogger</class>
  <method>logMessage</method>
  <thread>1</thread>
  <message>(Default) paymentAmount = 16.00</message>
  <nestedLevel>1</nestedLevel>
</record>
<record>
  <date>2019-09-18T23:35:27</date>
  <millis>1568867727208</millis>
  <sequence>8</sequence>
  <level>INFO</level>
  <class>com.kms.katalon.core.logging.XmlKeywordLogger</class>
  <method>logMessage</method>
  <thread>1</thread>
  <message>(Default) referenceNum = 11</message>
  <nestedLevel>1</nestedLevel>
</record>
<record>
  <date>2019-09-18T23:35:27</date>
  <millis>1568867727237</millis>
  <sequence>9</sequence>
  <level>INFO</level>
  <class>com.kms.katalon.core.logging.XmlKeywordLogger</class>
  <method>logMessage</method>
  <thread>1</thread>
  <message>(Default) bureauCode = 6100000</message>
  <nestedLevel>1</nestedLevel>
</record>
<record>
  <date>2019-09-18T23:35:27</date>
  <millis>1568867727446</millis>
  <sequence>10</sequence>
  <level>INFO</level>
  <class>com.kms.katalon.core.logging.XmlKeywordLogger</class>
  <method>logMessage</method>
  <thread>1</thread>
  <message>(Default) firstName = Susmitha</message>
  <nestedLevel>1</nestedLevel>
</record>
<record>
  <date>2019-09-18T23:35:27</date>
  <millis>1568867727465</millis>
  <sequence>11</sequence>
  <level>INFO</level>
  <class>com.kms.katalon.core.logging.XmlKeywordLogger</class>
  <method>logMessage</method>
  <thread>1</thread>
  <message>(Default) lastName = Angana</message>
  <nestedLevel>1</nestedLevel>
</record>
<record>
  <date>2019-09-18T23:35:27</date>
  <millis>1568867727486</millis>
  <sequence>12</sequence>
  <level>INFO</level>
  <class>com.kms.katalon.core.logging.XmlKeywordLogger</class>
  <method>logMessage</method>
  <thread>1</thread>
  <message>(Default) telephone = 9640400667</message>
  <nestedLevel>1</nestedLevel>
</record>
<record>
  <date>2019-09-18T23:35:27</date>
  <millis>1568867727508</millis>
  <sequence>13</sequence>
  <level>INFO</level>
  <class>com.kms.katalon.core.logging.XmlKeywordLogger</class>
  <method>logMessage</method>
  <thread>1</thread>
  <message>(Default) address = 14-2</message>
  <nestedLevel>1</nestedLevel>
</record>
<record>
  <date>2019-09-18T23:35:27</date>
  <millis>1568867727542</millis>
  <sequence>14</sequence>
  <level>INFO</level>
  <class>com.kms.katalon.core.logging.XmlKeywordLogger</class>
  <method>logMessage</method>
  <thread>1</thread>
  <message>(Default) zipCode = 76102</message>
  <nestedLevel>1</nestedLevel>
</record>
<record>
  <date>2019-09-18T23:35:27</date>
  <millis>1568867727565</millis>
  <sequence>15</sequence>
  <level>INFO</level>
  <class>com.kms.katalon.core.logging.XmlKeywordLogger</class>
  <method>logMessage</method>
  <thread>1</thread>
  <message>(Default) cardNum = 374245003731006</message>
  <nestedLevel>1</nestedLevel>
</record>
<record>
  <date>2019-09-18T23:35:27</date>
  <millis>1568867727584</millis>
  <sequence>16</sequence>
  <level>INFO</level>
  <class>com.kms.katalon.core.logging.XmlKeywordLogger</class>
  <method>logMessage</method>
  <thread>1</thread>
  <message>(Default) securityCode = 111</message>
  <nestedLevel>1</nestedLevel>
</record>
<record>
  <date>2019-09-18T23:35:27</date>
  <millis>1568867727608</millis>
  <sequence>17</sequence>
  <level>INFO</level>
  <class>com.kms.katalon.core.logging.XmlKeywordLogger</class>
  <method>logMessage</method>
  <thread>1</thread>
  <message>(Default) expYear = 2025</message>
  <nestedLevel>1</nestedLevel>
</record>
<record>
  <date>2019-09-18T23:35:27</date>
  <millis>1568867727631</millis>
  <sequence>18</sequence>
  <level>INFO</level>
  <class>com.kms.katalon.core.logging.XmlKeywordLogger</class>
  <method>logMessage</method>
  <thread>1</thread>
  <message>(Default) expMonth = 03</message>
  <nestedLevel>1</nestedLevel>
</record>
<record>
  <date>2019-09-18T23:35:27</date>
  <millis>1568867727649</millis>
  <sequence>19</sequence>
  <level>INFO</level>
  <class>com.kms.katalon.core.logging.XmlKeywordLogger</class>
  <method>logMessage</method>
  <thread>1</thread>
  <message>(Default) CardType = American Express</message>
  <nestedLevel>1</nestedLevel>
</record>
<record>
  <date>2019-09-18T23:35:27</date>
  <millis>1568867727684</millis>
  <sequence>20</sequence>
  <level>INFO</level>
  <class>com.kms.katalon.core.logging.XmlKeywordLogger</class>
  <method>logMessage</method>
  <thread>1</thread>
  <message>(Default) emailAddress = testing@zenq.com</message>
  <nestedLevel>1</nestedLevel>
</record>
<record>
  <date>2019-09-18T23:35:27</date>
  <millis>1568867727706</millis>
  <sequence>21</sequence>
  <level>INFO</level>
  <class>com.kms.katalon.core.logging.XmlKeywordLogger</class>
  <method>logMessage</method>
  <thread>1</thread>
  <message>(Default) last4Digits = 1006</message>
  <nestedLevel>1</nestedLevel>
</record>
<record>
  <date>2019-09-18T23:35:27</date>
  <millis>1568867727725</millis>
  <sequence>22</sequence>
  <level>INFO</level>
  <class>com.kms.katalon.core.logging.XmlKeywordLogger</class>
  <method>logMessage</method>
  <thread>1</thread>
  <message>(Default) last5Digits = 31006</message>
  <nestedLevel>1</nestedLevel>
</record>
<record>
  <date>2019-09-18T23:35:27</date>
  <millis>1568867727749</millis>
  <sequence>23</sequence>
  <level>INFO</level>
  <class>com.kms.katalon.core.logging.XmlKeywordLogger</class>
  <method>logMessage</method>
  <thread>1</thread>
  <message>(Default) paymentType = Taxes</message>
  <nestedLevel>1</nestedLevel>
</record>
<record>
  <date>2019-09-18T23:35:27</date>
  <millis>1568867727764</millis>
  <sequence>24</sequence>
  <level>START</level>
  <class>com.kms.katalon.core.logging.XmlKeywordLogger</class>
  <method>startKeyword</method>
  <thread>1</thread>
  <message>Start listener action : beforeTestCase</message>
  <nestedLevel>1</nestedLevel>
</record>
<record>
  <date>2019-09-18T23:35:27</date>
  <millis>1568867727798</millis>
  <sequence>26</sequence>
  <level>START</level>
  <class>com.kms.katalon.core.logging.XmlKeywordLogger</class>
  <method>startKeyword</method>
  <thread>1</thread>
  <message>Start action : utilities.SafeActions.openBrowser(Url, [])</message>
  <nestedLevel>1</nestedLevel>
  <property name="startLine">32</property>
  <property name="stepIndex">1</property>
</record>
<record>
  <date>2019-09-18T23:35:27</date>
  <millis>1568867727993</millis>
  <sequence>27</sequence>
  <level>INFO</level>
  <class>com.kms.katalon.core.logging.XmlKeywordLogger</class>
  <method>logMessage</method>
  <thread>1</thread>
  <message>Opening Browser</message>
  <nestedLevel>1</nestedLevel>
</record>
<record>
  <date>2019-09-18T23:35:28</date>
  <millis>1568867728320</millis>
  <sequence>29</sequence>
  <level>INFO</level>
  <class>com.kms.katalon.core.logging.XmlKeywordLogger</class>
  <method>logMessage</method>
  <thread>1</thread>
  <message>Starting &amp;apos;Chrome&amp;apos; driver</message>
  <nestedLevel>1</nestedLevel>
</record>
<record>
  <date>2019-09-18T23:35:28</date>
  <millis>1568867728380</millis>
  <sequence>31</sequence>
  <level>INFO</level>
  <class>com.kms.katalon.core.logging.XmlKeywordLogger</class>
  <method>logMessage</method>
  <thread>1</thread>
  <message>Action delay is set to 0 seconds</message>
  <nestedLevel>1</nestedLevel>
</record>
<record>
  <date>2019-09-18T23:35:35</date>
  <millis>1568867735349</millis>
  <sequence>33</sequence>
  <level>RUN_DATA</level>
  <class>com.kms.katalon.core.logging.XmlKeywordLogger</class>
  <method>logMessage</method>
  <thread>1</thread>
  <message>sessionId = a3a1eb2f83ad788fe8d7fff9d2c9a32d</message>
  <nestedLevel>1</nestedLevel>
  <property name="sessionId">a3a1eb2f83ad788fe8d7fff9d2c9a32d</property>
</record>
<record>
  <date>2019-09-18T23:35:35</date>
  <millis>1568867735395</millis>
  <sequence>34</sequence>
  <level>RUN_DATA</level>
  <class>com.kms.katalon.core.logging.XmlKeywordLogger</class>
  <method>logMessage</method>
  <thread>1</thread>
  <message>browser = Chrome 76.0.3809.100</message>
  <nestedLevel>1</nestedLevel>
  <property name="browser">Chrome 76.0.3809.100</property>
</record>
<record>
  <date>2019-09-18T23:35:35</date>
  <millis>1568867735396</millis>
  <sequence>35</sequence>
  <level>RUN_DATA</level>
  <class>com.kms.katalon.core.logging.XmlKeywordLogger</class>
  <method>logMessage</method>
  <thread>1</thread>
  <message>platform = Windows 10</message>
  <nestedLevel>1</nestedLevel>
  <property name="platform">Windows 10</property>
</record>
<record>
  <date>2019-09-18T23:35:35</date>
  <millis>1568867735397</millis>
  <sequence>36</sequence>
  <level>RUN_DATA</level>
  <class>com.kms.katalon.core.logging.XmlKeywordLogger</class>
  <method>logMessage</method>
  <thread>1</thread>
  <message>seleniumVersion = 3.141.59</message>
  <nestedLevel>1</nestedLevel>
  <property name="seleniumVersion">3.141.59</property>
</record>
<record>
  <date>2019-09-18T23:35:35</date>
  <millis>1568867735400</millis>
  <sequence>37</sequence>
  <level>RUN_DATA</level>
  <class>com.kms.katalon.core.logging.XmlKeywordLogger</class>
  <method>logMessage</method>
  <thread>1</thread>
  <message>proxyInformation = ProxyInformation{proxyOption=NO_PROXY, proxyServerType=HTTP, password=, proxyServerAddress=, proxyServerPort=0}</message>
  <nestedLevel>1</nestedLevel>
  <property name="proxyInformation">ProxyInformation{proxyOption=NO_PROXY, proxyServerType=HTTP, password=, proxyServerAddress=, proxyServerPort=0}</property>
</record>
<record>
  <date>2019-09-18T23:35:38</date>
  <millis>1568867738942</millis>
  <sequence>39</sequence>
  <level>PASSED</level>
  <class>com.kms.katalon.core.logging.XmlKeywordLogger</class>
  <method>logMessage</method>
  <thread>1</thread>
  <message>Browser is opened with url: &amp;apos;https://qa-certpay.faps.net/&amp;apos;</message>
  <nestedLevel>1</nestedLevel>
</record>
<record>
  <date>2019-09-18T23:35:43</date>
  <millis>1568867743500</millis>
  <sequence>41</sequence>
  <level>PASSED</level>
  <class>com.kms.katalon.core.logging.XmlKeywordLogger</class>
  <method>logMessage</method>
  <thread>1</thread>
  <message>Current window maximized</message>
  <nestedLevel>1</nestedLevel>
</record>
<record>
  <date>2019-09-18T23:35:43</date>
  <millis>1568867743502</millis>
  <sequence>42</sequence>
  <level>PASSED</level>
  <class>com.kms.katalon.core.logging.XmlKeywordLogger</class>
  <method>logMessage</method>
  <thread>1</thread>
  <message>Browser launched successfully</message>
  <nestedLevel>1</nestedLevel>
</record>
<record>
  <date>2019-09-18T23:35:43</date>
  <millis>1568867743505</millis>
  <sequence>43</sequence>
  <level>END</level>
  <class>com.kms.katalon.core.logging.XmlKeywordLogger</class>
  <method>endKeyword</method>
  <thread>1</thread>
  <message>End action : utilities.SafeActions.openBrowser(Url, [])</message>
  <nestedLevel>1</nestedLevel>
</record>
<record>
  <date>2019-09-18T23:35:43</date>
  <millis>1568867743507</millis>
  <sequence>44</sequence>
  <level>START</level>
  <class>com.kms.katalon.core.logging.XmlKeywordLogger</class>
  <method>startKeyword</method>
  <thread>1</thread>
  <message>Start action : maximizeWindow()</message>
  <nestedLevel>1</nestedLevel>
  <property name="startLine">34</property>
  <property name="stepIndex">2</property>
</record>
<record>
  <date>2019-09-18T23:35:43</date>
  <millis>1568867743524</millis>
  <sequence>46</sequence>
  <level>PASSED</level>
  <class>com.kms.katalon.core.logging.XmlKeywordLogger</class>
  <method>logMessage</method>
  <thread>1</thread>
  <message>Current window maximized</message>
  <nestedLevel>1</nestedLevel>
</record>
<record>
  <date>2019-09-18T23:35:43</date>
  <millis>1568867743524</millis>
  <sequence>48</sequence>
  <level>END</level>
  <class>com.kms.katalon.core.logging.XmlKeywordLogger</class>
  <method>endKeyword</method>
  <thread>1</thread>
  <message>End action : maximizeWindow()</message>
  <nestedLevel>1</nestedLevel>
</record>
<record>
  <date>2019-09-18T23:35:43</date>
  <millis>1568867743543</millis>
  <sequence>49</sequence>
  <level>END</level>
  <class>com.kms.katalon.core.logging.XmlKeywordLogger</class>
  <method>endKeyword</method>
  <thread>1</thread>
  <message>End listener action : beforeTestCase</message>
  <nestedLevel>1</nestedLevel>
</record>
<record>
  <date>2019-09-18T23:35:43</date>
  <millis>1568867743990</millis>
  <sequence>50</sequence>
  <level>START</level>
  <class>com.kms.katalon.core.logging.XmlKeywordLogger</class>
  <method>startKeyword</method>
  <thread>1</thread>
  <message>Start action : utilities.SafeActions.safeType(findTestObject(\&amp;quot;MAKE_ PAYMENT/Home_ Page/BUREAU_CODE\&amp;quot;), bureauCode, \&amp;quot;Bureau code\&amp;quot;, [pageLoadTime])</message>
  <nestedLevel>1</nestedLevel>
  <property name="startLine">16</property>
  <property name="stepIndex">1</property>
</record>
<record>
  <date>2019-09-18T23:35:44</date>
  <millis>1568867744245</millis>
  <sequence>56</sequence>
  <level>PASSED</level>
  <class>com.kms.katalon.core.logging.XmlKeywordLogger</class>
  <method>logMessage</method>
  <thread>1</thread>
  <message>Object &amp;apos;Object Repository/MAKE_ PAYMENT/Home_ Page/BUREAU_CODE&amp;apos; is present</message>
  <nestedLevel>1</nestedLevel>
</record>
<record>
  <date>2019-09-18T23:35:44</date>
  <millis>1568867744415</millis>
  <sequence>64</sequence>
  <level>PASSED</level>
  <class>com.kms.katalon.core.logging.XmlKeywordLogger</class>
  <method>logMessage</method>
  <thread>1</thread>
  <message>Text &amp;apos;6100000&amp;apos; is set on object &amp;apos;Object Repository/MAKE_ PAYMENT/Home_ Page/BUREAU_CODE&amp;apos;</message>
  <nestedLevel>1</nestedLevel>
</record>
<record>
  <date>2019-09-18T23:35:44</date>
  <millis>1568867744420</millis>
  <sequence>65</sequence>
  <level>PASSED</level>
  <class>com.kms.katalon.core.logging.XmlKeywordLogger</class>
  <method>logMessage</method>
  <thread>1</thread>
  <message>Make_Payment.ts:Entered&amp;apos;6100000 into Bureau code</message>
  <nestedLevel>1</nestedLevel>
</record>
<record>
  <date>2019-09-18T23:35:44</date>
  <millis>1568867744421</millis>
  <sequence>66</sequence>
  <level>END</level>
  <class>com.kms.katalon.core.logging.XmlKeywordLogger</class>
  <method>endKeyword</method>
  <thread>1</thread>
  <message>End action : utilities.SafeActions.safeType(findTestObject(\&amp;quot;MAKE_ PAYMENT/Home_ Page/BUREAU_CODE\&amp;quot;), bureauCode, \&amp;quot;Bureau code\&amp;quot;, [pageLoadTime])</message>
  <nestedLevel>1</nestedLevel>
</record>
<record>
  <date>2019-09-18T23:35:44</date>
  <millis>1568867744422</millis>
  <sequence>67</sequence>
  <level>START</level>
  <class>com.kms.katalon.core.logging.XmlKeywordLogger</class>
  <method>startKeyword</method>
  <thread>1</thread>
  <message>Start action : utilities.SafeActions.safeClick(findTestObject(\&amp;quot;MAKE_ PAYMENT/Home_ Page/BEGIN_PAYMENT\&amp;quot;), \&amp;quot;Begin payment\&amp;quot;, [pageLoadTime])</message>
  <nestedLevel>1</nestedLevel>
  <property name="startLine">19</property>
  <property name="stepIndex">2</property>
</record>
<record>
  <date>2019-09-18T23:35:44</date>
  <millis>1568867744565</millis>
  <sequence>69</sequence>
  <level>INFO</level>
  <class>com.kms.katalon.core.logging.XmlKeywordLogger</class>
  <method>logMessage</method>
  <thread>1</thread>
  <message>safeClicking</message>
  <nestedLevel>1</nestedLevel>
</record>
<record>
  <date>2019-09-18T23:35:44</date>
  <millis>1568867744613</millis>
  <sequence>74</sequence>
  <level>PASSED</level>
  <class>com.kms.katalon.core.logging.XmlKeywordLogger</class>
  <method>logMessage</method>
  <thread>1</thread>
  <message>Object &amp;apos;Object Repository/MAKE_ PAYMENT/Home_ Page/BEGIN_PAYMENT&amp;apos; is present</message>
  <nestedLevel>1</nestedLevel>
</record>
<record>
  <date>2019-09-18T23:35:44</date>
  <millis>1568867744705</millis>
  <sequence>80</sequence>
  <level>PASSED</level>
  <class>com.kms.katalon.core.logging.XmlKeywordLogger</class>
  <method>logMessage</method>
  <thread>1</thread>
  <message>Object &amp;apos;Object Repository/MAKE_ PAYMENT/Home_ Page/BEGIN_PAYMENT&amp;apos; is clickable</message>
  <nestedLevel>1</nestedLevel>
</record>
<record>
  <date>2019-09-18T23:35:45</date>
  <millis>1568867745698</millis>
  <sequence>86</sequence>
  <level>PASSED</level>
  <class>com.kms.katalon.core.logging.XmlKeywordLogger</class>
  <method>logMessage</method>
  <thread>1</thread>
  <message>Object: &amp;apos;Object Repository/MAKE_ PAYMENT/Home_ Page/BEGIN_PAYMENT&amp;apos; is clicked on</message>
  <nestedLevel>1</nestedLevel>
</record>
<record>
  <date>2019-09-18T23:35:45</date>
  <millis>1568867745699</millis>
  <sequence>87</sequence>
  <level>PASSED</level>
  <class>com.kms.katalon.core.logging.XmlKeywordLogger</class>
  <method>logMessage</method>
  <thread>1</thread>
  <message>Make_Payment.ts:Clicked on the Begin payment</message>
  <nestedLevel>1</nestedLevel>
</record>
<record>
  <date>2019-09-18T23:35:45</date>
  <millis>1568867745699</millis>
  <sequence>88</sequence>
  <level>END</level>
  <class>com.kms.katalon.core.logging.XmlKeywordLogger</class>
  <method>endKeyword</method>
  <thread>1</thread>
  <message>End action : utilities.SafeActions.safeClick(findTestObject(\&amp;quot;MAKE_ PAYMENT/Home_ Page/BEGIN_PAYMENT\&amp;quot;), \&amp;quot;Begin payment\&amp;quot;, [pageLoadTime])</message>
  <nestedLevel>1</nestedLevel>
</record>
<record>
  <date>2019-09-18T23:35:45</date>
  <millis>1568867745700</millis>
  <sequence>89</sequence>
  <level>START</level>
  <class>com.kms.katalon.core.logging.XmlKeywordLogger</class>
  <method>startKeyword</method>
  <thread>1</thread>
  <message>Start action : utilities.SafeActions.safeClick(findTestObject(\&amp;quot;MAKE_ PAYMENT/Home_ Page/NEXT_BUTTON\&amp;quot;), \&amp;quot;Continue\&amp;quot;, [pageLoadTime])</message>
  <nestedLevel>1</nestedLevel>
  <property name="startLine">22</property>
  <property name="stepIndex">3</property>
</record>
<record>
  <date>2019-09-18T23:35:45</date>
  <millis>1568867745802</millis>
  <sequence>91</sequence>
  <level>INFO</level>
  <class>com.kms.katalon.core.logging.XmlKeywordLogger</class>
  <method>logMessage</method>
  <thread>1</thread>
  <message>safeClicking</message>
  <nestedLevel>1</nestedLevel>
</record>
<record>
  <date>2019-09-18T23:35:45</date>
  <millis>1568867745864</millis>
  <sequence>96</sequence>
  <level>PASSED</level>
  <class>com.kms.katalon.core.logging.XmlKeywordLogger</class>
  <method>logMessage</method>
  <thread>1</thread>
  <message>Object &amp;apos;Object Repository/MAKE_ PAYMENT/Home_ Page/NEXT_BUTTON&amp;apos; is present</message>
  <nestedLevel>1</nestedLevel>
</record>
<record>
  <date>2019-09-18T23:35:45</date>
  <millis>1568867745917</millis>
  <sequence>102</sequence>
  <level>PASSED</level>
  <class>com.kms.katalon.core.logging.XmlKeywordLogger</class>
  <method>logMessage</method>
  <thread>1</thread>
  <message>Object &amp;apos;Object Repository/MAKE_ PAYMENT/Home_ Page/NEXT_BUTTON&amp;apos; is clickable</message>
  <nestedLevel>1</nestedLevel>
</record>
<record>
  <date>2019-09-18T23:35:46</date>
  <millis>1568867746182</millis>
  <sequence>108</sequence>
  <level>PASSED</level>
  <class>com.kms.katalon.core.logging.XmlKeywordLogger</class>
  <method>logMessage</method>
  <thread>1</thread>
  <message>Object: &amp;apos;Object Repository/MAKE_ PAYMENT/Home_ Page/NEXT_BUTTON&amp;apos; is clicked on</message>
  <nestedLevel>1</nestedLevel>
</record>
<record>
  <date>2019-09-18T23:35:46</date>
  <millis>1568867746182</millis>
  <sequence>109</sequence>
  <level>PASSED</level>
  <class>com.kms.katalon.core.logging.XmlKeywordLogger</class>
  <method>logMessage</method>
  <thread>1</thread>
  <message>Make_Payment.ts:Clicked on the Continue</message>
  <nestedLevel>1</nestedLevel>
</record>
<record>
  <date>2019-09-18T23:35:46</date>
  <millis>1568867746184</millis>
  <sequence>110</sequence>
  <level>END</level>
  <class>com.kms.katalon.core.logging.XmlKeywordLogger</class>
  <method>endKeyword</method>
  <thread>1</thread>
  <message>End action : utilities.SafeActions.safeClick(findTestObject(\&amp;quot;MAKE_ PAYMENT/Home_ Page/NEXT_BUTTON\&amp;quot;), \&amp;quot;Continue\&amp;quot;, [pageLoadTime])</message>
  <nestedLevel>1</nestedLevel>
</record>
<record>
  <date>2019-09-18T23:35:46</date>
  <millis>1568867746184</millis>
  <sequence>111</sequence>
  <level>START</level>
  <class>com.kms.katalon.core.logging.XmlKeywordLogger</class>
  <method>startKeyword</method>
  <thread>1</thread>
  <message>Start action : utilities.SafeActions.safeType(findTestObject(\&amp;quot;MAKE_ PAYMENT/Home_ Page/PAYMENT_AMOUNT\&amp;quot;), paymentAmount, \&amp;quot;Amount\&amp;quot;, [pageLoadTime])</message>
  <nestedLevel>1</nestedLevel>
  <property name="startLine">25</property>
  <property name="stepIndex">4</property>
</record>
<record>
  <date>2019-09-18T23:35:46</date>
  <millis>1568867746342</millis>
  <sequence>117</sequence>
  <level>PASSED</level>
  <class>com.kms.katalon.core.logging.XmlKeywordLogger</class>
  <method>logMessage</method>
  <thread>1</thread>
  <message>Object &amp;apos;Object Repository/MAKE_ PAYMENT/Home_ Page/PAYMENT_AMOUNT&amp;apos; is present</message>
  <nestedLevel>1</nestedLevel>
</record>
<record>
  <date>2019-09-18T23:35:46</date>
  <millis>1568867746461</millis>
  <sequence>125</sequence>
  <level>PASSED</level>
  <class>com.kms.katalon.core.logging.XmlKeywordLogger</class>
  <method>logMessage</method>
  <thread>1</thread>
  <message>Text &amp;apos;16.00&amp;apos; is set on object &amp;apos;Object Repository/MAKE_ PAYMENT/Home_ Page/PAYMENT_AMOUNT&amp;apos;</message>
  <nestedLevel>1</nestedLevel>
</record>
<record>
  <date>2019-09-18T23:35:46</date>
  <millis>1568867746462</millis>
  <sequence>126</sequence>
  <level>PASSED</level>
  <class>com.kms.katalon.core.logging.XmlKeywordLogger</class>
  <method>logMessage</method>
  <thread>1</thread>
  <message>Make_Payment.ts:Entered&amp;apos;16.00 into Amount</message>
  <nestedLevel>1</nestedLevel>
</record>
<record>
  <date>2019-09-18T23:35:46</date>
  <millis>1568867746462</millis>
  <sequence>127</sequence>
  <level>END</level>
  <class>com.kms.katalon.core.logging.XmlKeywordLogger</class>
  <method>endKeyword</method>
  <thread>1</thread>
  <message>End action : utilities.SafeActions.safeType(findTestObject(\&amp;quot;MAKE_ PAYMENT/Home_ Page/PAYMENT_AMOUNT\&amp;quot;), paymentAmount, \&amp;quot;Amount\&amp;quot;, [pageLoadTime])</message>
  <nestedLevel>1</nestedLevel>
</record>
<record>
  <date>2019-09-18T23:35:46</date>
  <millis>1568867746463</millis>
  <sequence>128</sequence>
  <level>START</level>
  <class>com.kms.katalon.core.logging.XmlKeywordLogger</class>
  <method>startKeyword</method>
  <thread>1</thread>
  <message>Start action : amount = getAttribute(findTestObject(\&amp;quot;MAKE_ PAYMENT/Home_ Page/PAYMENT_AMOUNT\&amp;quot;), \&amp;quot;value\&amp;quot;)</message>
  <nestedLevel>1</nestedLevel>
  <property name="startLine">28</property>
  <property name="stepIndex">5</property>
</record>
<record>
  <date>2019-09-18T23:35:46</date>
  <millis>1568867746600</millis>
  <sequence>136</sequence>
  <level>PASSED</level>
  <class>com.kms.katalon.core.logging.XmlKeywordLogger</class>
  <method>logMessage</method>
  <thread>1</thread>
  <message>Attribute &amp;apos;value&amp;apos; of object &amp;apos;Object Repository/MAKE_ PAYMENT/Home_ Page/PAYMENT_AMOUNT&amp;apos; is: &amp;apos;16.00&amp;apos;</message>
  <nestedLevel>1</nestedLevel>
</record>
<record>
  <date>2019-09-18T23:35:46</date>
  <millis>1568867746601</millis>
  <sequence>137</sequence>
  <level>END</level>
  <class>com.kms.katalon.core.logging.XmlKeywordLogger</class>
  <method>endKeyword</method>
  <thread>1</thread>
  <message>End action : amount = getAttribute(findTestObject(\&amp;quot;MAKE_ PAYMENT/Home_ Page/PAYMENT_AMOUNT\&amp;quot;), \&amp;quot;value\&amp;quot;)</message>
  <nestedLevel>1</nestedLevel>
</record>
<record>
  <date>2019-09-18T23:35:46</date>
  <millis>1568867746602</millis>
  <sequence>138</sequence>
  <level>START</level>
  <class>com.kms.katalon.core.logging.XmlKeywordLogger</class>
  <method>startKeyword</method>
  <thread>1</thread>
  <message>Start action : utilities.SafeActions.safeType(findTestObject(\&amp;quot;MAKE_ PAYMENT/Home_ Page/REFERENCE_NUMBER\&amp;quot;), referenceNum, \&amp;quot;Reference Number\&amp;quot;, [pageLoadTime])</message>
  <nestedLevel>1</nestedLevel>
  <property name="startLine">30</property>
  <property name="stepIndex">6</property>
</record>
<record>
  <date>2019-09-18T23:35:46</date>
  <millis>1568867746747</millis>
  <sequence>144</sequence>
  <level>PASSED</level>
  <class>com.kms.katalon.core.logging.XmlKeywordLogger</class>
  <method>logMessage</method>
  <thread>1</thread>
  <message>Object &amp;apos;Object Repository/MAKE_ PAYMENT/Home_ Page/REFERENCE_NUMBER&amp;apos; is present</message>
  <nestedLevel>1</nestedLevel>
</record>
<record>
  <date>2019-09-18T23:35:46</date>
  <millis>1568867746856</millis>
  <sequence>152</sequence>
  <level>PASSED</level>
  <class>com.kms.katalon.core.logging.XmlKeywordLogger</class>
  <method>logMessage</method>
  <thread>1</thread>
  <message>Text &amp;apos;11&amp;apos; is set on object &amp;apos;Object Repository/MAKE_ PAYMENT/Home_ Page/REFERENCE_NUMBER&amp;apos;</message>
  <nestedLevel>1</nestedLevel>
</record>
<record>
  <date>2019-09-18T23:35:46</date>
  <millis>1568867746864</millis>
  <sequence>153</sequence>
  <level>PASSED</level>
  <class>com.kms.katalon.core.logging.XmlKeywordLogger</class>
  <method>logMessage</method>
  <thread>1</thread>
  <message>Make_Payment.ts:Entered&amp;apos;11 into Reference Number</message>
  <nestedLevel>1</nestedLevel>
</record>
<record>
  <date>2019-09-18T23:35:46</date>
  <millis>1568867746864</millis>
  <sequence>154</sequence>
  <level>END</level>
  <class>com.kms.katalon.core.logging.XmlKeywordLogger</class>
  <method>endKeyword</method>
  <thread>1</thread>
  <message>End action : utilities.SafeActions.safeType(findTestObject(\&amp;quot;MAKE_ PAYMENT/Home_ Page/REFERENCE_NUMBER\&amp;quot;), referenceNum, \&amp;quot;Reference Number\&amp;quot;, [pageLoadTime])</message>
  <nestedLevel>1</nestedLevel>
</record>
<record>
  <date>2019-09-18T23:35:46</date>
  <millis>1568867746865</millis>
  <sequence>155</sequence>
  <level>START</level>
  <class>com.kms.katalon.core.logging.XmlKeywordLogger</class>
  <method>startKeyword</method>
  <thread>1</thread>
  <message>Start action : utilities.SafeActions.safeType(findTestObject(\&amp;quot;MAKE_ PAYMENT/Home_ Page/COMMNETS\&amp;quot;), \&amp;quot;Testing\&amp;quot;, \&amp;quot;Comments\&amp;quot;, [pageLoadTime])</message>
  <nestedLevel>1</nestedLevel>
  <property name="startLine">33</property>
  <property name="stepIndex">7</property>
</record>
<record>
  <date>2019-09-18T23:35:46</date>
  <millis>1568867746968</millis>
  <sequence>161</sequence>
  <level>PASSED</level>
  <class>com.kms.katalon.core.logging.XmlKeywordLogger</class>
  <method>logMessage</method>
  <thread>1</thread>
  <message>Object &amp;apos;Object Repository/MAKE_ PAYMENT/Home_ Page/COMMNETS&amp;apos; is present</message>
  <nestedLevel>1</nestedLevel>
</record>
<record>
  <date>2019-09-18T23:35:47</date>
  <millis>1568867747090</millis>
  <sequence>169</sequence>
  <level>PASSED</level>
  <class>com.kms.katalon.core.logging.XmlKeywordLogger</class>
  <method>logMessage</method>
  <thread>1</thread>
  <message>Text &amp;apos;Testing&amp;apos; is set on object &amp;apos;Object Repository/MAKE_ PAYMENT/Home_ Page/COMMNETS&amp;apos;</message>
  <nestedLevel>1</nestedLevel>
</record>
<record>
  <date>2019-09-18T23:35:47</date>
  <millis>1568867747093</millis>
  <sequence>170</sequence>
  <level>PASSED</level>
  <class>com.kms.katalon.core.logging.XmlKeywordLogger</class>
  <method>logMessage</method>
  <thread>1</thread>
  <message>Make_Payment.ts:Entered&amp;apos;Testing into Comments</message>
  <nestedLevel>1</nestedLevel>
</record>
<record>
  <date>2019-09-18T23:35:47</date>
  <millis>1568867747094</millis>
  <sequence>171</sequence>
  <level>END</level>
  <class>com.kms.katalon.core.logging.XmlKeywordLogger</class>
  <method>endKeyword</method>
  <thread>1</thread>
  <message>End action : utilities.SafeActions.safeType(findTestObject(\&amp;quot;MAKE_ PAYMENT/Home_ Page/COMMNETS\&amp;quot;), \&amp;quot;Testing\&amp;quot;, \&amp;quot;Comments\&amp;quot;, [pageLoadTime])</message>
  <nestedLevel>1</nestedLevel>
</record>
<record>
  <date>2019-09-18T23:35:47</date>
  <millis>1568867747094</millis>
  <sequence>172</sequence>
  <level>START</level>
  <class>com.kms.katalon.core.logging.XmlKeywordLogger</class>
  <method>startKeyword</method>
  <thread>1</thread>
  <message>Start action : utilities.SafeActions.safeCheck(findTestObject(\&amp;quot;MAKE_ PAYMENT/Home_ Page/BANK_CARD\&amp;quot;), \&amp;quot;Bank card\&amp;quot;, [pageLoadTime])</message>
  <nestedLevel>1</nestedLevel>
  <property name="startLine">36</property>
  <property name="stepIndex">8</property>
</record>
<record>
  <date>2019-09-18T23:35:47</date>
  <millis>1568867747220</millis>
  <sequence>178</sequence>
  <level>PASSED</level>
  <class>com.kms.katalon.core.logging.XmlKeywordLogger</class>
  <method>logMessage</method>
  <thread>1</thread>
  <message>Object &amp;apos;Object Repository/MAKE_ PAYMENT/Home_ Page/BANK_CARD&amp;apos; is present</message>
  <nestedLevel>1</nestedLevel>
</record>
<record>
  <date>2019-09-18T23:35:47</date>
  <millis>1568867747299</millis>
  <sequence>184</sequence>
  <level>PASSED</level>
  <class>com.kms.katalon.core.logging.XmlKeywordLogger</class>
  <method>logMessage</method>
  <thread>1</thread>
  <message>Object: &amp;apos;Object Repository/MAKE_ PAYMENT/Home_ Page/BANK_CARD&amp;apos; is clicked on</message>
  <nestedLevel>1</nestedLevel>
</record>
<record>
  <date>2019-09-18T23:35:47</date>
  <millis>1568867747300</millis>
  <sequence>185</sequence>
  <level>PASSED</level>
  <class>com.kms.katalon.core.logging.XmlKeywordLogger</class>
  <method>logMessage</method>
  <thread>1</thread>
  <message>Make_Payment.ts:Checkbox &amp;apos;Bank card&amp;apos;is selected</message>
  <nestedLevel>1</nestedLevel>
</record>
<record>
  <date>2019-09-18T23:35:47</date>
  <millis>1568867747300</millis>
  <sequence>186</sequence>
  <level>END</level>
  <class>com.kms.katalon.core.logging.XmlKeywordLogger</class>
  <method>endKeyword</method>
  <thread>1</thread>
  <message>End action : utilities.SafeActions.safeCheck(findTestObject(\&amp;quot;MAKE_ PAYMENT/Home_ Page/BANK_CARD\&amp;quot;), \&amp;quot;Bank card\&amp;quot;, [pageLoadTime])</message>
  <nestedLevel>1</nestedLevel>
</record>
<record>
  <date>2019-09-18T23:35:47</date>
  <millis>1568867747300</millis>
  <sequence>187</sequence>
  <level>START</level>
  <class>com.kms.katalon.core.logging.XmlKeywordLogger</class>
  <method>startKeyword</method>
  <thread>1</thread>
  <message>Start action : waitForPageLoad(0)</message>
  <nestedLevel>1</nestedLevel>
  <property name="startLine">38</property>
  <property name="stepIndex">9</property>
</record>
<record>
  <date>2019-09-18T23:35:47</date>
  <millis>1568867747311</millis>
  <sequence>189</sequence>
  <level>WARNING</level>
  <class>com.kms.katalon.core.logging.XmlKeywordLogger</class>
  <method>logMessage</method>
  <thread>1</thread>
  <message>Timeout &amp;apos;0&amp;apos; is invalid. Using default page load timeout: &amp;apos;30&amp;apos;</message>
  <nestedLevel>1</nestedLevel>
</record>
<record>
  <date>2019-09-18T23:35:47</date>
  <millis>1568867747392</millis>
  <sequence>190</sequence>
  <level>PASSED</level>
  <class>com.kms.katalon.core.logging.XmlKeywordLogger</class>
  <method>logMessage</method>
  <thread>1</thread>
  <message>Wait for page load successfully</message>
  <nestedLevel>1</nestedLevel>
</record>
<record>
  <date>2019-09-18T23:35:47</date>
  <millis>1568867747393</millis>
  <sequence>191</sequence>
  <level>END</level>
  <class>com.kms.katalon.core.logging.XmlKeywordLogger</class>
  <method>endKeyword</method>
  <thread>1</thread>
  <message>End action : waitForPageLoad(0)</message>
  <nestedLevel>1</nestedLevel>
</record>
<record>
  <date>2019-09-18T23:35:47</date>
  <millis>1568867747394</millis>
  <sequence>192</sequence>
  <level>START</level>
  <class>com.kms.katalon.core.logging.XmlKeywordLogger</class>
  <method>startKeyword</method>
  <thread>1</thread>
  <message>Start action : utilities.SafeActions.safeSelectOptionInDropdownByVisibleText(findTestObject(\&amp;quot;MAKE_ PAYMENT/Home_ Page/CARD_TYPE\&amp;quot;), CardType, \&amp;quot;CardType\&amp;quot;, [pageLoadTime])</message>
  <nestedLevel>1</nestedLevel>
  <property name="startLine">40</property>
  <property name="stepIndex">10</property>
</record>
<record>
  <date>2019-09-18T23:35:47</date>
  <millis>1568867747582</millis>
  <sequence>198</sequence>
  <level>PASSED</level>
  <class>com.kms.katalon.core.logging.XmlKeywordLogger</class>
  <method>logMessage</method>
  <thread>1</thread>
  <message>Object &amp;apos;Object Repository/MAKE_ PAYMENT/Home_ Page/CARD_TYPE&amp;apos; is present</message>
  <nestedLevel>1</nestedLevel>
</record>
<record>
  <date>2019-09-18T23:35:47</date>
  <millis>1568867747704</millis>
  <sequence>204</sequence>
  <level>PASSED</level>
  <class>com.kms.katalon.core.logging.XmlKeywordLogger</class>
  <method>logMessage</method>
  <thread>1</thread>
  <message>Object: &amp;apos;Object Repository/MAKE_ PAYMENT/Home_ Page/CARD_TYPE&amp;apos; is clicked on</message>
  <nestedLevel>1</nestedLevel>
</record>
<record>
  <date>2019-09-18T23:35:47</date>
  <millis>1568867747846</millis>
  <sequence>211</sequence>
  <level>PASSED</level>
  <class>com.kms.katalon.core.logging.XmlKeywordLogger</class>
  <method>logMessage</method>
  <thread>1</thread>
  <message>All options with label &amp;apos;American Express&amp;apos; are selected in object &amp;apos;Object Repository/MAKE_ PAYMENT/Home_ Page/CARD_TYPE&amp;apos; </message>
  <nestedLevel>1</nestedLevel>
</record>
<record>
  <date>2019-09-18T23:35:47</date>
  <millis>1568867747847</millis>
  <sequence>212</sequence>
  <level>PASSED</level>
  <class>com.kms.katalon.core.logging.XmlKeywordLogger</class>
  <method>logMessage</method>
  <thread>1</thread>
  <message>selected dropdown option by visible text  American Expressfrom CardType</message>
  <nestedLevel>1</nestedLevel>
</record>
<record>
  <date>2019-09-18T23:35:47</date>
  <millis>1568867747847</millis>
  <sequence>213</sequence>
  <level>END</level>
  <class>com.kms.katalon.core.logging.XmlKeywordLogger</class>
  <method>endKeyword</method>
  <thread>1</thread>
  <message>End action : utilities.SafeActions.safeSelectOptionInDropdownByVisibleText(findTestObject(\&amp;quot;MAKE_ PAYMENT/Home_ Page/CARD_TYPE\&amp;quot;), CardType, \&amp;quot;CardType\&amp;quot;, [pageLoadTime])</message>
  <nestedLevel>1</nestedLevel>
</record>
<record>
  <date>2019-09-18T23:35:47</date>
  <millis>1568867747848</millis>
  <sequence>214</sequence>
  <level>START</level>
  <class>com.kms.katalon.core.logging.XmlKeywordLogger</class>
  <method>startKeyword</method>
  <thread>1</thread>
  <message>Start action : utilities.SafeActions.safeSelectOptionInDropdownByVisibleText(findTestObject(\&amp;quot;MAKE_ PAYMENT/Home_ Page/PAYMENT_TYPE\&amp;quot;), paymentType, \&amp;quot;Payment Type\&amp;quot;, [pageLoadTime])</message>
  <nestedLevel>1</nestedLevel>
  <property name="startLine">43</property>
  <property name="stepIndex">11</property>
</record>
<record>
  <date>2019-09-18T23:35:47</date>
  <millis>1568867747961</millis>
  <sequence>220</sequence>
  <level>PASSED</level>
  <class>com.kms.katalon.core.logging.XmlKeywordLogger</class>
  <method>logMessage</method>
  <thread>1</thread>
  <message>Object &amp;apos;Object Repository/MAKE_ PAYMENT/Home_ Page/PAYMENT_TYPE&amp;apos; is present</message>
  <nestedLevel>1</nestedLevel>
</record>
<record>
  <date>2019-09-18T23:35:48</date>
  <millis>1568867748129</millis>
  <sequence>226</sequence>
  <level>PASSED</level>
  <class>com.kms.katalon.core.logging.XmlKeywordLogger</class>
  <method>logMessage</method>
  <thread>1</thread>
  <message>Object: &amp;apos;Object Repository/MAKE_ PAYMENT/Home_ Page/PAYMENT_TYPE&amp;apos; is clicked on</message>
  <nestedLevel>1</nestedLevel>
</record>
<record>
  <date>2019-09-18T23:35:48</date>
  <millis>1568867748257</millis>
  <sequence>233</sequence>
  <level>PASSED</level>
  <class>com.kms.katalon.core.logging.XmlKeywordLogger</class>
  <method>logMessage</method>
  <thread>1</thread>
  <message>All options with label &amp;apos;Taxes&amp;apos; are selected in object &amp;apos;Object Repository/MAKE_ PAYMENT/Home_ Page/PAYMENT_TYPE&amp;apos; </message>
  <nestedLevel>1</nestedLevel>
</record>
<record>
  <date>2019-09-18T23:35:48</date>
  <millis>1568867748257</millis>
  <sequence>234</sequence>
  <level>PASSED</level>
  <class>com.kms.katalon.core.logging.XmlKeywordLogger</class>
  <method>logMessage</method>
  <thread>1</thread>
  <message>selected dropdown option by visible text  Taxesfrom Payment Type</message>
  <nestedLevel>1</nestedLevel>
</record>
<record>
  <date>2019-09-18T23:35:48</date>
  <millis>1568867748258</millis>
  <sequence>235</sequence>
  <level>END</level>
  <class>com.kms.katalon.core.logging.XmlKeywordLogger</class>
  <method>endKeyword</method>
  <thread>1</thread>
  <message>End action : utilities.SafeActions.safeSelectOptionInDropdownByVisibleText(findTestObject(\&amp;quot;MAKE_ PAYMENT/Home_ Page/PAYMENT_TYPE\&amp;quot;), paymentType, \&amp;quot;Payment Type\&amp;quot;, [pageLoadTime])</message>
  <nestedLevel>1</nestedLevel>
</record>
<record>
  <date>2019-09-18T23:35:48</date>
  <millis>1568867748258</millis>
  <sequence>236</sequence>
  <level>START</level>
  <class>com.kms.katalon.core.logging.XmlKeywordLogger</class>
  <method>startKeyword</method>
  <thread>1</thread>
  <message>Start action : utilities.SafeActions.safeClick(findTestObject(\&amp;quot;MAKE_ PAYMENT/Home_ Page/CONTINUE\&amp;quot;), \&amp;quot;Continue\&amp;quot;, [pageLoadTime])</message>
  <nestedLevel>1</nestedLevel>
  <property name="startLine">46</property>
  <property name="stepIndex">12</property>
</record>
<record>
  <date>2019-09-18T23:35:48</date>
  <millis>1568867748334</millis>
  <sequence>238</sequence>
  <level>INFO</level>
  <class>com.kms.katalon.core.logging.XmlKeywordLogger</class>
  <method>logMessage</method>
  <thread>1</thread>
  <message>safeClicking</message>
  <nestedLevel>1</nestedLevel>
</record>
<record>
  <date>2019-09-18T23:35:48</date>
  <millis>1568867748374</millis>
  <sequence>243</sequence>
  <level>PASSED</level>
  <class>com.kms.katalon.core.logging.XmlKeywordLogger</class>
  <method>logMessage</method>
  <thread>1</thread>
  <message>Object &amp;apos;Object Repository/MAKE_ PAYMENT/Home_ Page/CONTINUE&amp;apos; is present</message>
  <nestedLevel>1</nestedLevel>
</record>
<record>
  <date>2019-09-18T23:35:48</date>
  <millis>1568867748411</millis>
  <sequence>249</sequence>
  <level>PASSED</level>
  <class>com.kms.katalon.core.logging.XmlKeywordLogger</class>
  <method>logMessage</method>
  <thread>1</thread>
  <message>Object &amp;apos;Object Repository/MAKE_ PAYMENT/Home_ Page/CONTINUE&amp;apos; is clickable</message>
  <nestedLevel>1</nestedLevel>
</record>
<record>
  <date>2019-09-18T23:35:48</date>
  <millis>1568867748680</millis>
  <sequence>255</sequence>
  <level>PASSED</level>
  <class>com.kms.katalon.core.logging.XmlKeywordLogger</class>
  <method>logMessage</method>
  <thread>1</thread>
  <message>Object: &amp;apos;Object Repository/MAKE_ PAYMENT/Home_ Page/CONTINUE&amp;apos; is clicked on</message>
  <nestedLevel>1</nestedLevel>
</record>
<record>
  <date>2019-09-18T23:35:48</date>
  <millis>1568867748685</millis>
  <sequence>256</sequence>
  <level>PASSED</level>
  <class>com.kms.katalon.core.logging.XmlKeywordLogger</class>
  <method>logMessage</method>
  <thread>1</thread>
  <message>Make_Payment.ts:Clicked on the Continue</message>
  <nestedLevel>1</nestedLevel>
</record>
<record>
  <date>2019-09-18T23:35:48</date>
  <millis>1568867748691</millis>
  <sequence>257</sequence>
  <level>END</level>
  <class>com.kms.katalon.core.logging.XmlKeywordLogger</class>
  <method>endKeyword</method>
  <thread>1</thread>
  <message>End action : utilities.SafeActions.safeClick(findTestObject(\&amp;quot;MAKE_ PAYMENT/Home_ Page/CONTINUE\&amp;quot;), \&amp;quot;Continue\&amp;quot;, [pageLoadTime])</message>
  <nestedLevel>1</nestedLevel>
</record>
<record>
  <date>2019-09-18T23:35:48</date>
  <millis>1568867748692</millis>
  <sequence>258</sequence>
  <level>START</level>
  <class>com.kms.katalon.core.logging.XmlKeywordLogger</class>
  <method>startKeyword</method>
  <thread>1</thread>
  <message>Start action : pages.Payment_Page.personalDetails(firstName, lastName, telephone)</message>
  <nestedLevel>1</nestedLevel>
  <property name="startLine">48</property>
  <property name="stepIndex">13</property>
</record>
<record>
  <date>2019-09-18T23:35:48</date>
  <millis>1568867748755</millis>
  <sequence>260</sequence>
  <level>ERROR</level>
  <class>com.kms.katalon.core.logging.XmlKeywordLogger</class>
  <method>logMessage</method>
  <thread>1</thread>
  <message>No signature of method: pages.Payment_Page.personalDetails() is applicable for argument types: (java.lang.String, java.lang.String, java.lang.String) values: [Susmitha, Angana, 9640400667]\nPossible solutions: setPersonalDetails(java.lang.String, java.lang.String, java.lang.String)</message>
  <nestedLevel>1</nestedLevel>
  <property name="failed.exception.class">org.codehaus.groovy.runtime.metaclass.MissingMethodExceptionNoStack</property>
  <property name="failed.exception.stacktrace">org.codehaus.groovy.runtime.metaclass.MissingMethodExceptionNoStack: No signature of method: pages.Payment_Page.personalDetails() is applicable for argument types: (java.lang.String, java.lang.String, java.lang.String) values: [Susmitha, Angana, 9640400667]\nPossible solutions: setPersonalDetails(java.lang.String, java.lang.String, java.lang.String)\r\n</property>
  <property name="failed.exception.message">No signature of method: pages.Payment_Page.personalDetails() is applicable for argument types: (java.lang.String, java.lang.String, java.lang.String) values: [Susmitha, Angana, 9640400667]\nPossible solutions: setPersonalDetails(java.lang.String, java.lang.String, java.lang.String)</property>
</record>
<record>
  <date>2019-09-18T23:35:48</date>
  <millis>1568867748759</millis>
  <sequence>261</sequence>
  <level>END</level>
  <class>com.kms.katalon.core.logging.XmlKeywordLogger</class>
  <method>endKeyword</method>
  <thread>1</thread>
  <message>End action : pages.Payment_Page.personalDetails(firstName, lastName, telephone)</message>
  <nestedLevel>1</nestedLevel>
</record>
<record>
  <date>2019-09-18T23:35:48</date>
  <millis>1568867748762</millis>
  <sequence>263</sequence>
  <level>ERROR</level>
  <class>com.kms.katalon.core.logging.XmlKeywordLogger</class>
  <method>logMessage</method>
  <thread>1</thread>
  <message>Test Cases/Make_Payment/TC_Payment_001 FAILED.\nReason:\norg.codehaus.groovy.runtime.metaclass.MissingMethodExceptionNoStack: No signature of method: pages.Payment_Page.personalDetails() is applicable for argument types: (java.lang.String, java.lang.String, java.lang.String) values: [Susmitha, Angana, 9640400667]\nPossible solutions: setPersonalDetails(java.lang.String, java.lang.String, java.lang.String)\r\n</message>
  <exception>
    <message>org.codehaus.groovy.runtime.metaclass.MissingMethodExceptionNoStack: No signature of method: pages.Payment_Page.personalDetails() is applicable for argument types: (java.lang.String, java.lang.String, java.lang.String) values: [Susmitha, Angana, 9640400667]
Possible solutions: setPersonalDetails(java.lang.String, java.lang.String, java.lang.String)</message>
  </exception>
  <nestedLevel>0</nestedLevel>
  <property name="failed.exception.stacktrace">org.codehaus.groovy.runtime.metaclass.MissingMethodExceptionNoStack: No signature of method: pages.Payment_Page.personalDetails() is applicable for argument types: (java.lang.String, java.lang.String, java.lang.String) values: [Susmitha, Angana, 9640400667]\nPossible solutions: setPersonalDetails(java.lang.String, java.lang.String, java.lang.String)\r\n</property>
  <property name="failed.exception.class">org.codehaus.groovy.runtime.metaclass.MissingMethodExceptionNoStack</property>
  <property name="failed.exception.message">No signature of method: pages.Payment_Page.personalDetails() is applicable for argument types: (java.lang.String, java.lang.String, java.lang.String) values: [Susmitha, Angana, 9640400667]\nPossible solutions: setPersonalDetails(java.lang.String, java.lang.String, java.lang.String)</property>
</record>
<record>
  <date>2019-09-18T23:35:48</date>
  <millis>1568867748781</millis>
  <sequence>265</sequence>
  <level>START</level>
  <class>com.kms.katalon.core.logging.XmlKeywordLogger</class>
  <method>startKeyword</method>
  <thread>1</thread>
  <message>Start listener action : afterTestCase</message>
  <nestedLevel>1</nestedLevel>
</record>
<record>
  <date>2019-09-18T23:35:48</date>
  <millis>1568867748782</millis>
  <sequence>268</sequence>
  <level>END</level>
  <class>com.kms.katalon.core.logging.XmlKeywordLogger</class>
  <method>endKeyword</method>
  <thread>1</thread>
  <message>End listener action : afterTestCase</message>
  <nestedLevel>1</nestedLevel>
</record>
<record>
  <date>2019-09-18T23:35:48</date>
  <millis>1568867748782</millis>
  <sequence>269</sequence>
  <level>END</level>
  <class>com.kms.katalon.core.logging.XmlKeywordLogger</class>
  <method>endTest</method>
  <thread>1</thread>
  <message>End Test Case : Test Cases/Make_Payment/TC_Payment_001</message>
  <nestedLevel>0</nestedLevel>
</record>
<record>
  <date>2019-09-18T23:35:48</date>
  <millis>1568867748828</millis>
  <sequence>270</sequence>
  <level>START</level>
  <class>com.kms.katalon.core.logging.XmlKeywordLogger</class>
  <method>startTest</method>
  <thread>1</thread>
  <message>Start Test Case : Test Cases/Make_Payment/TC_Payment_002</message>
  <nestedLevel>1</nestedLevel>
  <property name="name">Test Cases/Make_Payment/TC_Payment_002</property>
  <property name="description"></property>
  <property name="id">Test Cases/Make_Payment/TC_Payment_002</property>
  <property name="source">C:\\Users\\Pratyusha.Nulu\\Katalon Studio\\CertpayConsumer\\Test Cases\\Make_Payment\\TC_Payment_002.tc</property>
  <property name="tag"></property>
  <property name="isOptional">false</property>
</record>
<record>
  <date>2019-09-18T23:35:48</date>
  <millis>1568867748932</millis>
  <sequence>272</sequence>
  <level>INFO</level>
  <class>com.kms.katalon.core.logging.XmlKeywordLogger</class>
  <method>logMessage</method>
  <thread>1</thread>
  <message>(Default) bureauCode = 6100000</message>
  <nestedLevel>1</nestedLevel>
</record>
<record>
  <date>2019-09-18T23:35:48</date>
  <millis>1568867748952</millis>
  <sequence>273</sequence>
  <level>INFO</level>
  <class>com.kms.katalon.core.logging.XmlKeywordLogger</class>
  <method>logMessage</method>
  <thread>1</thread>
  <message>(Default) referenceNum = 12</message>
  <nestedLevel>1</nestedLevel>
</record>
<record>
  <date>2019-09-18T23:35:48</date>
  <millis>1568867748978</millis>
  <sequence>274</sequence>
  <level>INFO</level>
  <class>com.kms.katalon.core.logging.XmlKeywordLogger</class>
  <method>logMessage</method>
  <thread>1</thread>
  <message>(Default) paymentAmount = 20.00</message>
  <nestedLevel>1</nestedLevel>
</record>
<record>
  <date>2019-09-18T23:35:48</date>
  <millis>1568867748987</millis>
  <sequence>275</sequence>
  <level>INFO</level>
  <class>com.kms.katalon.core.logging.XmlKeywordLogger</class>
  <method>logMessage</method>
  <thread>1</thread>
  <message>(Default) firstName = Soha</message>
  <nestedLevel>1</nestedLevel>
</record>
<record>
  <date>2019-09-18T23:35:48</date>
  <millis>1568867748994</millis>
  <sequence>276</sequence>
  <level>INFO</level>
  <class>com.kms.katalon.core.logging.XmlKeywordLogger</class>
  <method>logMessage</method>
  <thread>1</thread>
  <message>(Default) lastName = brave</message>
  <nestedLevel>1</nestedLevel>
</record>
<record>
  <date>2019-09-18T23:35:49</date>
  <millis>1568867749047</millis>
  <sequence>277</sequence>
  <level>INFO</level>
  <class>com.kms.katalon.core.logging.XmlKeywordLogger</class>
  <method>logMessage</method>
  <thread>1</thread>
  <message>(Default) telephone = 9640400667</message>
  <nestedLevel>1</nestedLevel>
</record>
<record>
  <date>2019-09-18T23:35:49</date>
  <millis>1568867749062</millis>
  <sequence>278</sequence>
  <level>INFO</level>
  <class>com.kms.katalon.core.logging.XmlKeywordLogger</class>
  <method>logMessage</method>
  <thread>1</thread>
  <message>(Default) address = 14-2</message>
  <nestedLevel>1</nestedLevel>
</record>
<record>
  <date>2019-09-18T23:35:49</date>
  <millis>1568867749062</millis>
  <sequence>279</sequence>
  <level>INFO</level>
  <class>com.kms.katalon.core.logging.XmlKeywordLogger</class>
  <method>logMessage</method>
  <thread>1</thread>
  <message>(Default) zipCode = 76120</message>
  <nestedLevel>1</nestedLevel>
</record>
<record>
  <date>2019-09-18T23:35:49</date>
  <millis>1568867749093</millis>
  <sequence>280</sequence>
  <level>INFO</level>
  <class>com.kms.katalon.core.logging.XmlKeywordLogger</class>
  <method>logMessage</method>
  <thread>1</thread>
  <message>(Default) cardNum = 6510000000000133</message>
  <nestedLevel>1</nestedLevel>
</record>
<record>
  <date>2019-09-18T23:35:49</date>
  <millis>1568867749109</millis>
  <sequence>281</sequence>
  <level>INFO</level>
  <class>com.kms.katalon.core.logging.XmlKeywordLogger</class>
  <method>logMessage</method>
  <thread>1</thread>
  <message>(Default) securityCode = 207</message>
  <nestedLevel>1</nestedLevel>
</record>
<record>
  <date>2019-09-18T23:35:49</date>
  <millis>1568867749124</millis>
  <sequence>282</sequence>
  <level>INFO</level>
  <class>com.kms.katalon.core.logging.XmlKeywordLogger</class>
  <method>logMessage</method>
  <thread>1</thread>
  <message>(Default) expMonth = 05</message>
  <nestedLevel>1</nestedLevel>
</record>
<record>
  <date>2019-09-18T23:35:49</date>
  <millis>1568867749162</millis>
  <sequence>283</sequence>
  <level>INFO</level>
  <class>com.kms.katalon.core.logging.XmlKeywordLogger</class>
  <method>logMessage</method>
  <thread>1</thread>
  <message>(Default) expYear = 2021</message>
  <nestedLevel>1</nestedLevel>
</record>
<record>
  <date>2019-09-18T23:35:49</date>
  <millis>1568867749182</millis>
  <sequence>284</sequence>
  <level>INFO</level>
  <class>com.kms.katalon.core.logging.XmlKeywordLogger</class>
  <method>logMessage</method>
  <thread>1</thread>
  <message>(Default) cardType = Discover</message>
  <nestedLevel>1</nestedLevel>
</record>
<record>
  <date>2019-09-18T23:35:49</date>
  <millis>1568867749187</millis>
  <sequence>285</sequence>
  <level>INFO</level>
  <class>com.kms.katalon.core.logging.XmlKeywordLogger</class>
  <method>logMessage</method>
  <thread>1</thread>
  <message>(Default) emailAddress = testing@zenq.com</message>
  <nestedLevel>1</nestedLevel>
</record>
<record>
  <date>2019-09-18T23:35:49</date>
  <millis>1568867749210</millis>
  <sequence>286</sequence>
  <level>INFO</level>
  <class>com.kms.katalon.core.logging.XmlKeywordLogger</class>
  <method>logMessage</method>
  <thread>1</thread>
  <message>(Default) paymentType = Gifts</message>
  <nestedLevel>1</nestedLevel>
</record>
<record>
  <date>2019-09-18T23:35:49</date>
  <millis>1568867749222</millis>
  <sequence>287</sequence>
  <level>INFO</level>
  <class>com.kms.katalon.core.logging.XmlKeywordLogger</class>
  <method>logMessage</method>
  <thread>1</thread>
  <message>(Default) last4Digits = 0133</message>
  <nestedLevel>1</nestedLevel>
</record>
<record>
  <date>2019-09-18T23:35:49</date>
  <millis>1568867749238</millis>
  <sequence>288</sequence>
  <level>INFO</level>
  <class>com.kms.katalon.core.logging.XmlKeywordLogger</class>
  <method>logMessage</method>
  <thread>1</thread>
  <message>(Default) last5Digits = 00133</message>
  <nestedLevel>1</nestedLevel>
</record>
<record>
  <date>2019-09-18T23:35:49</date>
  <millis>1568867749255</millis>
  <sequence>289</sequence>
  <level>INFO</level>
  <class>com.kms.katalon.core.logging.XmlKeywordLogger</class>
  <method>logMessage</method>
  <thread>1</thread>
  <message>(Default) paymentAmount2 = 15.00</message>
  <nestedLevel>1</nestedLevel>
</record>
<record>
  <date>2019-09-18T23:35:49</date>
  <millis>1568867749256</millis>
  <sequence>290</sequence>
  <level>START</level>
  <class>com.kms.katalon.core.logging.XmlKeywordLogger</class>
  <method>startKeyword</method>
  <thread>1</thread>
  <message>Start listener action : beforeTestCase</message>
  <nestedLevel>1</nestedLevel>
</record>
<record>
  <date>2019-09-18T23:35:49</date>
  <millis>1568867749257</millis>
  <sequence>292</sequence>
  <level>START</level>
  <class>com.kms.katalon.core.logging.XmlKeywordLogger</class>
  <method>startKeyword</method>
  <thread>1</thread>
  <message>Start action : utilities.SafeActions.openBrowser(Url, [])</message>
  <nestedLevel>1</nestedLevel>
  <property name="startLine">32</property>
  <property name="stepIndex">1</property>
</record>
<record>
  <date>2019-09-18T23:35:49</date>
  <millis>1568867749280</millis>
  <sequence>293</sequence>
  <level>INFO</level>
  <class>com.kms.katalon.core.logging.XmlKeywordLogger</class>
  <method>logMessage</method>
  <thread>1</thread>
  <message>Opening Browser</message>
  <nestedLevel>1</nestedLevel>
</record>
<record>
  <date>2019-09-18T23:35:49</date>
  <millis>1568867749297</millis>
  <sequence>295</sequence>
  <level>WARNING</level>
  <class>com.kms.katalon.core.logging.XmlKeywordLogger</class>
  <method>logMessage</method>
  <thread>1</thread>
  <message>A browser is already opened. Closing browser and opening a new one</message>
  <nestedLevel>1</nestedLevel>
</record>
<record>
  <date>2019-09-18T23:35:50</date>
  <millis>1568867750358</millis>
  <sequence>296</sequence>
  <level>INFO</level>
  <class>com.kms.katalon.core.logging.XmlKeywordLogger</class>
  <method>logMessage</method>
  <thread>1</thread>
  <message>Starting &amp;apos;Chrome&amp;apos; driver</message>
  <nestedLevel>1</nestedLevel>
</record>
<record>
  <date>2019-09-18T23:35:56</date>
  <millis>1568867756042</millis>
  <sequence>299</sequence>
  <level>RUN_DATA</level>
  <class>com.kms.katalon.core.logging.XmlKeywordLogger</class>
  <method>logMessage</method>
  <thread>1</thread>
  <message>sessionId = 8242eaa3a660b07533e3991bee4d54bc</message>
  <nestedLevel>1</nestedLevel>
  <property name="sessionId">8242eaa3a660b07533e3991bee4d54bc</property>
</record>
<record>
  <date>2019-09-18T23:35:56</date>
  <millis>1568867756071</millis>
  <sequence>300</sequence>
  <level>RUN_DATA</level>
  <class>com.kms.katalon.core.logging.XmlKeywordLogger</class>
  <method>logMessage</method>
  <thread>1</thread>
  <message>browser = Chrome 76.0.3809.100</message>
  <nestedLevel>1</nestedLevel>
  <property name="browser">Chrome 76.0.3809.100</property>
</record>
<record>
  <date>2019-09-18T23:35:56</date>
  <millis>1568867756071</millis>
  <sequence>301</sequence>
  <level>RUN_DATA</level>
  <class>com.kms.katalon.core.logging.XmlKeywordLogger</class>
  <method>logMessage</method>
  <thread>1</thread>
  <message>platform = Windows 10</message>
  <nestedLevel>1</nestedLevel>
  <property name="platform">Windows 10</property>
</record>
<record>
  <date>2019-09-18T23:35:56</date>
  <millis>1568867756071</millis>
  <sequence>302</sequence>
  <level>RUN_DATA</level>
  <class>com.kms.katalon.core.logging.XmlKeywordLogger</class>
  <method>logMessage</method>
  <thread>1</thread>
  <message>seleniumVersion = 3.141.59</message>
  <nestedLevel>1</nestedLevel>
  <property name="seleniumVersion">3.141.59</property>
</record>
<record>
  <date>2019-09-18T23:35:56</date>
  <millis>1568867756072</millis>
  <sequence>303</sequence>
  <level>RUN_DATA</level>
  <class>com.kms.katalon.core.logging.XmlKeywordLogger</class>
  <method>logMessage</method>
  <thread>1</thread>
  <message>proxyInformation = ProxyInformation{proxyOption=NO_PROXY, proxyServerType=HTTP, password=, proxyServerAddress=, proxyServerPort=0}</message>
  <nestedLevel>1</nestedLevel>
  <property name="proxyInformation">ProxyInformation{proxyOption=NO_PROXY, proxyServerType=HTTP, password=, proxyServerAddress=, proxyServerPort=0}</property>
</record>
<record>
  <date>2019-09-18T23:35:56</date>
  <millis>1568867756546</millis>
  <sequence>305</sequence>
  <level>PASSED</level>
  <class>com.kms.katalon.core.logging.XmlKeywordLogger</class>
  <method>logMessage</method>
  <thread>1</thread>
  <message>Browser is opened with url: &amp;apos;https://qa-certpay.faps.net/&amp;apos;</message>
  <nestedLevel>1</nestedLevel>
</record>
<record>
  <date>2019-09-18T23:36:00</date>
  <millis>1568867760706</millis>
  <sequence>307</sequence>
  <level>PASSED</level>
  <class>com.kms.katalon.core.logging.XmlKeywordLogger</class>
  <method>logMessage</method>
  <thread>1</thread>
  <message>Current window maximized</message>
  <nestedLevel>1</nestedLevel>
</record>
<record>
  <date>2019-09-18T23:36:00</date>
  <millis>1568867760707</millis>
  <sequence>308</sequence>
  <level>PASSED</level>
  <class>com.kms.katalon.core.logging.XmlKeywordLogger</class>
  <method>logMessage</method>
  <thread>1</thread>
  <message>Browser launched successfully</message>
  <nestedLevel>1</nestedLevel>
</record>
<record>
  <date>2019-09-18T23:36:00</date>
  <millis>1568867760707</millis>
  <sequence>309</sequence>
  <level>END</level>
  <class>com.kms.katalon.core.logging.XmlKeywordLogger</class>
  <method>endKeyword</method>
  <thread>1</thread>
  <message>End action : utilities.SafeActions.openBrowser(Url, [])</message>
  <nestedLevel>1</nestedLevel>
</record>
<record>
  <date>2019-09-18T23:36:00</date>
  <millis>1568867760708</millis>
  <sequence>310</sequence>
  <level>START</level>
  <class>com.kms.katalon.core.logging.XmlKeywordLogger</class>
  <method>startKeyword</method>
  <thread>1</thread>
  <message>Start action : maximizeWindow()</message>
  <nestedLevel>1</nestedLevel>
  <property name="startLine">34</property>
  <property name="stepIndex">2</property>
</record>
<record>
  <date>2019-09-18T23:36:00</date>
  <millis>1568867760720</millis>
  <sequence>312</sequence>
  <level>PASSED</level>
  <class>com.kms.katalon.core.logging.XmlKeywordLogger</class>
  <method>logMessage</method>
  <thread>1</thread>
  <message>Current window maximized</message>
  <nestedLevel>1</nestedLevel>
</record>
<record>
  <date>2019-09-18T23:36:00</date>
  <millis>1568867760720</millis>
  <sequence>314</sequence>
  <level>END</level>
  <class>com.kms.katalon.core.logging.XmlKeywordLogger</class>
  <method>endKeyword</method>
  <thread>1</thread>
  <message>End action : maximizeWindow()</message>
  <nestedLevel>1</nestedLevel>
</record>
<record>
  <date>2019-09-18T23:36:00</date>
  <millis>1568867760720</millis>
  <sequence>315</sequence>
  <level>END</level>
  <class>com.kms.katalon.core.logging.XmlKeywordLogger</class>
  <method>endKeyword</method>
  <thread>1</thread>
  <message>End listener action : beforeTestCase</message>
  <nestedLevel>1</nestedLevel>
</record>
<record>
  <date>2019-09-18T23:36:01</date>
  <millis>1568867761099</millis>
  <sequence>316</sequence>
  <level>START</level>
  <class>com.kms.katalon.core.logging.XmlKeywordLogger</class>
  <method>startKeyword</method>
  <thread>1</thread>
  <message>Start action : utilities.SafeActions.safeType(findTestObject(\&amp;quot;MAKE_ PAYMENT/Home_ Page/BUREAU_CODE\&amp;quot;), bureauCode, \&amp;quot;Bureau code\&amp;quot;, [pageLoadTime])</message>
  <nestedLevel>1</nestedLevel>
  <property name="startLine">16</property>
  <property name="stepIndex">1</property>
</record>
<record>
  <date>2019-09-18T23:36:01</date>
  <millis>1568867761228</millis>
  <sequence>322</sequence>
  <level>PASSED</level>
  <class>com.kms.katalon.core.logging.XmlKeywordLogger</class>
  <method>logMessage</method>
  <thread>1</thread>
  <message>Object &amp;apos;Object Repository/MAKE_ PAYMENT/Home_ Page/BUREAU_CODE&amp;apos; is present</message>
  <nestedLevel>1</nestedLevel>
</record>
<record>
  <date>2019-09-18T23:36:01</date>
  <millis>1568867761406</millis>
  <sequence>330</sequence>
  <level>PASSED</level>
  <class>com.kms.katalon.core.logging.XmlKeywordLogger</class>
  <method>logMessage</method>
  <thread>1</thread>
  <message>Text &amp;apos;6100000&amp;apos; is set on object &amp;apos;Object Repository/MAKE_ PAYMENT/Home_ Page/BUREAU_CODE&amp;apos;</message>
  <nestedLevel>1</nestedLevel>
</record>
<record>
  <date>2019-09-18T23:36:01</date>
  <millis>1568867761406</millis>
  <sequence>331</sequence>
  <level>PASSED</level>
  <class>com.kms.katalon.core.logging.XmlKeywordLogger</class>
  <method>logMessage</method>
  <thread>1</thread>
  <message>Make_Payment.ts:Entered&amp;apos;6100000 into Bureau code</message>
  <nestedLevel>1</nestedLevel>
</record>
<record>
  <date>2019-09-18T23:36:01</date>
  <millis>1568867761407</millis>
  <sequence>332</sequence>
  <level>END</level>
  <class>com.kms.katalon.core.logging.XmlKeywordLogger</class>
  <method>endKeyword</method>
  <thread>1</thread>
  <message>End action : utilities.SafeActions.safeType(findTestObject(\&amp;quot;MAKE_ PAYMENT/Home_ Page/BUREAU_CODE\&amp;quot;), bureauCode, \&amp;quot;Bureau code\&amp;quot;, [pageLoadTime])</message>
  <nestedLevel>1</nestedLevel>
</record>
<record>
  <date>2019-09-18T23:36:01</date>
  <millis>1568867761407</millis>
  <sequence>333</sequence>
  <level>START</level>
  <class>com.kms.katalon.core.logging.XmlKeywordLogger</class>
  <method>startKeyword</method>
  <thread>1</thread>
  <message>Start action : utilities.SafeActions.safeClick(findTestObject(\&amp;quot;MAKE_ PAYMENT/Home_ Page/BEGIN_PAYMENT\&amp;quot;), \&amp;quot;Begin payment\&amp;quot;, [pageLoadTime])</message>
  <nestedLevel>1</nestedLevel>
  <property name="startLine">19</property>
  <property name="stepIndex">2</property>
</record>
<record>
  <date>2019-09-18T23:36:01</date>
  <millis>1568867761471</millis>
  <sequence>335</sequence>
  <level>INFO</level>
  <class>com.kms.katalon.core.logging.XmlKeywordLogger</class>
  <method>logMessage</method>
  <thread>1</thread>
  <message>safeClicking</message>
  <nestedLevel>1</nestedLevel>
</record>
<record>
  <date>2019-09-18T23:36:01</date>
  <millis>1568867761534</millis>
  <sequence>340</sequence>
  <level>PASSED</level>
  <class>com.kms.katalon.core.logging.XmlKeywordLogger</class>
  <method>logMessage</method>
  <thread>1</thread>
  <message>Object &amp;apos;Object Repository/MAKE_ PAYMENT/Home_ Page/BEGIN_PAYMENT&amp;apos; is present</message>
  <nestedLevel>1</nestedLevel>
</record>
<record>
  <date>2019-09-18T23:36:01</date>
  <millis>1568867761580</millis>
  <sequence>346</sequence>
  <level>PASSED</level>
  <class>com.kms.katalon.core.logging.XmlKeywordLogger</class>
  <method>logMessage</method>
  <thread>1</thread>
  <message>Object &amp;apos;Object Repository/MAKE_ PAYMENT/Home_ Page/BEGIN_PAYMENT&amp;apos; is clickable</message>
  <nestedLevel>1</nestedLevel>
</record>
<record>
  <date>2019-09-18T23:36:02</date>
  <millis>1568867762038</millis>
  <sequence>352</sequence>
  <level>PASSED</level>
  <class>com.kms.katalon.core.logging.XmlKeywordLogger</class>
  <method>logMessage</method>
  <thread>1</thread>
  <message>Object: &amp;apos;Object Repository/MAKE_ PAYMENT/Home_ Page/BEGIN_PAYMENT&amp;apos; is clicked on</message>
  <nestedLevel>1</nestedLevel>
</record>
<record>
  <date>2019-09-18T23:36:02</date>
  <millis>1568867762039</millis>
  <sequence>353</sequence>
  <level>PASSED</level>
  <class>com.kms.katalon.core.logging.XmlKeywordLogger</class>
  <method>logMessage</method>
  <thread>1</thread>
  <message>Make_Payment.ts:Clicked on the Begin payment</message>
  <nestedLevel>1</nestedLevel>
</record>
<record>
  <date>2019-09-18T23:36:02</date>
  <millis>1568867762039</millis>
  <sequence>354</sequence>
  <level>END</level>
  <class>com.kms.katalon.core.logging.XmlKeywordLogger</class>
  <method>endKeyword</method>
  <thread>1</thread>
  <message>End action : utilities.SafeActions.safeClick(findTestObject(\&amp;quot;MAKE_ PAYMENT/Home_ Page/BEGIN_PAYMENT\&amp;quot;), \&amp;quot;Begin payment\&amp;quot;, [pageLoadTime])</message>
  <nestedLevel>1</nestedLevel>
</record>
<record>
  <date>2019-09-18T23:36:02</date>
  <millis>1568867762039</millis>
  <sequence>355</sequence>
  <level>START</level>
  <class>com.kms.katalon.core.logging.XmlKeywordLogger</class>
  <method>startKeyword</method>
  <thread>1</thread>
  <message>Start action : utilities.SafeActions.safeClick(findTestObject(\&amp;quot;MAKE_ PAYMENT/Home_ Page/NEXT_BUTTON\&amp;quot;), \&amp;quot;Continue\&amp;quot;, [pageLoadTime])</message>
  <nestedLevel>1</nestedLevel>
  <property name="startLine">22</property>
  <property name="stepIndex">3</property>
</record>
<record>
  <date>2019-09-18T23:36:02</date>
  <millis>1568867762112</millis>
  <sequence>357</sequence>
  <level>INFO</level>
  <class>com.kms.katalon.core.logging.XmlKeywordLogger</class>
  <method>logMessage</method>
  <thread>1</thread>
  <message>safeClicking</message>
  <nestedLevel>1</nestedLevel>
</record>
<record>
  <date>2019-09-18T23:36:02</date>
  <millis>1568867762210</millis>
  <sequence>362</sequence>
  <level>PASSED</level>
  <class>com.kms.katalon.core.logging.XmlKeywordLogger</class>
  <method>logMessage</method>
  <thread>1</thread>
  <message>Object &amp;apos;Object Repository/MAKE_ PAYMENT/Home_ Page/NEXT_BUTTON&amp;apos; is present</message>
  <nestedLevel>1</nestedLevel>
</record>
<record>
  <date>2019-09-18T23:36:02</date>
  <millis>1568867762249</millis>
  <sequence>368</sequence>
  <level>PASSED</level>
  <class>com.kms.katalon.core.logging.XmlKeywordLogger</class>
  <method>logMessage</method>
  <thread>1</thread>
  <message>Object &amp;apos;Object Repository/MAKE_ PAYMENT/Home_ Page/NEXT_BUTTON&amp;apos; is clickable</message>
  <nestedLevel>1</nestedLevel>
</record>
<record>
  <date>2019-09-18T23:36:02</date>
  <millis>1568867762546</millis>
  <sequence>374</sequence>
  <level>PASSED</level>
  <class>com.kms.katalon.core.logging.XmlKeywordLogger</class>
  <method>logMessage</method>
  <thread>1</thread>
  <message>Object: &amp;apos;Object Repository/MAKE_ PAYMENT/Home_ Page/NEXT_BUTTON&amp;apos; is clicked on</message>
  <nestedLevel>1</nestedLevel>
</record>
<record>
  <date>2019-09-18T23:36:02</date>
  <millis>1568867762546</millis>
  <sequence>375</sequence>
  <level>PASSED</level>
  <class>com.kms.katalon.core.logging.XmlKeywordLogger</class>
  <method>logMessage</method>
  <thread>1</thread>
  <message>Make_Payment.ts:Clicked on the Continue</message>
  <nestedLevel>1</nestedLevel>
</record>
<record>
  <date>2019-09-18T23:36:02</date>
  <millis>1568867762547</millis>
  <sequence>376</sequence>
  <level>END</level>
  <class>com.kms.katalon.core.logging.XmlKeywordLogger</class>
  <method>endKeyword</method>
  <thread>1</thread>
  <message>End action : utilities.SafeActions.safeClick(findTestObject(\&amp;quot;MAKE_ PAYMENT/Home_ Page/NEXT_BUTTON\&amp;quot;), \&amp;quot;Continue\&amp;quot;, [pageLoadTime])</message>
  <nestedLevel>1</nestedLevel>
</record>
<record>
  <date>2019-09-18T23:36:02</date>
  <millis>1568867762547</millis>
  <sequence>377</sequence>
  <level>START</level>
  <class>com.kms.katalon.core.logging.XmlKeywordLogger</class>
  <method>startKeyword</method>
  <thread>1</thread>
  <message>Start action : pages.Payment_Page.setAmount(\&amp;quot;1\&amp;quot;, paymentAmount, \&amp;quot;testing\&amp;quot;, referenceNum)</message>
  <nestedLevel>1</nestedLevel>
  <property name="startLine">25</property>
  <property name="stepIndex">4</property>
</record>
<record>
  <date>2019-09-18T23:36:03</date>
  <millis>1568867763269</millis>
  <sequence>385</sequence>
  <level>PASSED</level>
  <class>com.kms.katalon.core.logging.XmlKeywordLogger</class>
  <method>logMessage</method>
  <thread>1</thread>
  <message>Object &amp;apos;&amp;apos; is present</message>
  <nestedLevel>1</nestedLevel>
</record>
<record>
  <date>2019-09-18T23:36:03</date>
  <millis>1568867763386</millis>
  <sequence>393</sequence>
  <level>PASSED</level>
  <class>com.kms.katalon.core.logging.XmlKeywordLogger</class>
  <method>logMessage</method>
  <thread>1</thread>
  <message>Text &amp;apos;20.00&amp;apos; is set on object &amp;apos;&amp;apos;</message>
  <nestedLevel>1</nestedLevel>
</record>
<record>
  <date>2019-09-18T23:36:03</date>
  <millis>1568867763387</millis>
  <sequence>394</sequence>
  <level>PASSED</level>
  <class>com.kms.katalon.core.logging.XmlKeywordLogger</class>
  <method>logMessage</method>
  <thread>1</thread>
  <message>Make_Payment.ts:Entered&amp;apos;20.00 into Amount</message>
  <nestedLevel>1</nestedLevel>
</record>
<record>
  <date>2019-09-18T23:36:03</date>
  <millis>1568867763957</millis>
  <sequence>402</sequence>
  <level>PASSED</level>
  <class>com.kms.katalon.core.logging.XmlKeywordLogger</class>
  <method>logMessage</method>
  <thread>1</thread>
  <message>Object &amp;apos;&amp;apos; is present</message>
  <nestedLevel>1</nestedLevel>
</record>
<record>
  <date>2019-09-18T23:36:04</date>
  <millis>1568867764071</millis>
  <sequence>410</sequence>
  <level>PASSED</level>
  <class>com.kms.katalon.core.logging.XmlKeywordLogger</class>
  <method>logMessage</method>
  <thread>1</thread>
  <message>Text &amp;apos;12&amp;apos; is set on object &amp;apos;&amp;apos;</message>
  <nestedLevel>1</nestedLevel>
</record>
<record>
  <date>2019-09-18T23:36:04</date>
  <millis>1568867764071</millis>
  <sequence>411</sequence>
  <level>PASSED</level>
  <class>com.kms.katalon.core.logging.XmlKeywordLogger</class>
  <method>logMessage</method>
  <thread>1</thread>
  <message>Make_Payment.ts:Entered&amp;apos;12 into Amount</message>
  <nestedLevel>1</nestedLevel>
</record>
<record>
  <date>2019-09-18T23:36:04</date>
  <millis>1568867764650</millis>
  <sequence>419</sequence>
  <level>PASSED</level>
  <class>com.kms.katalon.core.logging.XmlKeywordLogger</class>
  <method>logMessage</method>
  <thread>1</thread>
  <message>Object &amp;apos;&amp;apos; is present</message>
  <nestedLevel>1</nestedLevel>
</record>
<record>
  <date>2019-09-18T23:36:04</date>
  <millis>1568867764779</millis>
  <sequence>427</sequence>
  <level>PASSED</level>
  <class>com.kms.katalon.core.logging.XmlKeywordLogger</class>
  <method>logMessage</method>
  <thread>1</thread>
  <message>Text &amp;apos;testing&amp;apos; is set on object &amp;apos;&amp;apos;</message>
  <nestedLevel>1</nestedLevel>
</record>
<record>
  <date>2019-09-18T23:36:04</date>
  <millis>1568867764780</millis>
  <sequence>428</sequence>
  <level>PASSED</level>
  <class>com.kms.katalon.core.logging.XmlKeywordLogger</class>
  <method>logMessage</method>
  <thread>1</thread>
  <message>Make_Payment.ts:Entered&amp;apos;testing into Comments</message>
  <nestedLevel>1</nestedLevel>
</record>
<record>
  <date>2019-09-18T23:36:04</date>
  <millis>1568867764780</millis>
  <sequence>429</sequence>
  <level>END</level>
  <class>com.kms.katalon.core.logging.XmlKeywordLogger</class>
  <method>endKeyword</method>
  <thread>1</thread>
  <message>End action : pages.Payment_Page.setAmount(\&amp;quot;1\&amp;quot;, paymentAmount, \&amp;quot;testing\&amp;quot;, referenceNum)</message>
  <nestedLevel>1</nestedLevel>
</record>
<record>
  <date>2019-09-18T23:36:04</date>
  <millis>1568867764780</millis>
  <sequence>430</sequence>
  <level>START</level>
  <class>com.kms.katalon.core.logging.XmlKeywordLogger</class>
  <method>startKeyword</method>
  <thread>1</thread>
  <message>Start action : utilities.SafeActions.safeClick(findTestObject(\&amp;quot;MAKE_ PAYMENT/Home_ Page/ADD_ANOTHER_PROPERTY\&amp;quot;), \&amp;quot;Multi-Payment\&amp;quot;, [pageLoadTime])</message>
  <nestedLevel>1</nestedLevel>
  <property name="startLine">27</property>
  <property name="stepIndex">5</property>
</record>
<record>
  <date>2019-09-18T23:36:04</date>
  <millis>1568867764888</millis>
  <sequence>432</sequence>
  <level>INFO</level>
  <class>com.kms.katalon.core.logging.XmlKeywordLogger</class>
  <method>logMessage</method>
  <thread>1</thread>
  <message>safeClicking</message>
  <nestedLevel>1</nestedLevel>
</record>
<record>
  <date>2019-09-18T23:36:04</date>
  <millis>1568867764912</millis>
  <sequence>437</sequence>
  <level>PASSED</level>
  <class>com.kms.katalon.core.logging.XmlKeywordLogger</class>
  <method>logMessage</method>
  <thread>1</thread>
  <message>Object &amp;apos;Object Repository/MAKE_ PAYMENT/Home_ Page/ADD_ANOTHER_PROPERTY&amp;apos; is present</message>
  <nestedLevel>1</nestedLevel>
</record>
<record>
  <date>2019-09-18T23:36:04</date>
  <millis>1568867764938</millis>
  <sequence>443</sequence>
  <level>PASSED</level>
  <class>com.kms.katalon.core.logging.XmlKeywordLogger</class>
  <method>logMessage</method>
  <thread>1</thread>
  <message>Object &amp;apos;Object Repository/MAKE_ PAYMENT/Home_ Page/ADD_ANOTHER_PROPERTY&amp;apos; is clickable</message>
  <nestedLevel>1</nestedLevel>
</record>
<record>
  <date>2019-09-18T23:36:05</date>
  <millis>1568867765122</millis>
  <sequence>449</sequence>
  <level>PASSED</level>
  <class>com.kms.katalon.core.logging.XmlKeywordLogger</class>
  <method>logMessage</method>
  <thread>1</thread>
  <message>Object: &amp;apos;Object Repository/MAKE_ PAYMENT/Home_ Page/ADD_ANOTHER_PROPERTY&amp;apos; is clicked on</message>
  <nestedLevel>1</nestedLevel>
</record>
<record>
  <date>2019-09-18T23:36:05</date>
  <millis>1568867765122</millis>
  <sequence>450</sequence>
  <level>PASSED</level>
  <class>com.kms.katalon.core.logging.XmlKeywordLogger</class>
  <method>logMessage</method>
  <thread>1</thread>
  <message>Make_Payment.ts:Clicked on the Multi-Payment</message>
  <nestedLevel>1</nestedLevel>
</record>
<record>
  <date>2019-09-18T23:36:05</date>
  <millis>1568867765123</millis>
  <sequence>451</sequence>
  <level>END</level>
  <class>com.kms.katalon.core.logging.XmlKeywordLogger</class>
  <method>endKeyword</method>
  <thread>1</thread>
  <message>End action : utilities.SafeActions.safeClick(findTestObject(\&amp;quot;MAKE_ PAYMENT/Home_ Page/ADD_ANOTHER_PROPERTY\&amp;quot;), \&amp;quot;Multi-Payment\&amp;quot;, [pageLoadTime])</message>
  <nestedLevel>1</nestedLevel>
</record>
<record>
  <date>2019-09-18T23:36:05</date>
  <millis>1568867765123</millis>
  <sequence>452</sequence>
  <level>START</level>
  <class>com.kms.katalon.core.logging.XmlKeywordLogger</class>
  <method>startKeyword</method>
  <thread>1</thread>
  <message>Start action : pages.Payment_Page.setAmount(\&amp;quot;2\&amp;quot;, paymentAmount2, \&amp;quot;Payment for testing\&amp;quot;, \&amp;quot;22\&amp;quot;)</message>
  <nestedLevel>1</nestedLevel>
  <property name="startLine">30</property>
  <property name="stepIndex">6</property>
</record>
<record>
  <date>2019-09-18T23:36:05</date>
  <millis>1568867765742</millis>
  <sequence>460</sequence>
  <level>PASSED</level>
  <class>com.kms.katalon.core.logging.XmlKeywordLogger</class>
  <method>logMessage</method>
  <thread>1</thread>
  <message>Object &amp;apos;&amp;apos; is present</message>
  <nestedLevel>1</nestedLevel>
</record>
<record>
  <date>2019-09-18T23:36:05</date>
  <millis>1568867765840</millis>
  <sequence>468</sequence>
  <level>PASSED</level>
  <class>com.kms.katalon.core.logging.XmlKeywordLogger</class>
  <method>logMessage</method>
  <thread>1</thread>
  <message>Text &amp;apos;15.00&amp;apos; is set on object &amp;apos;&amp;apos;</message>
  <nestedLevel>1</nestedLevel>
</record>
<record>
  <date>2019-09-18T23:36:05</date>
  <millis>1568867765841</millis>
  <sequence>469</sequence>
  <level>PASSED</level>
  <class>com.kms.katalon.core.logging.XmlKeywordLogger</class>
  <method>logMessage</method>
  <thread>1</thread>
  <message>Make_Payment.ts:Entered&amp;apos;15.00 into Amount</message>
  <nestedLevel>1</nestedLevel>
</record>
<record>
  <date>2019-09-18T23:36:06</date>
  <millis>1568867766426</millis>
  <sequence>477</sequence>
  <level>PASSED</level>
  <class>com.kms.katalon.core.logging.XmlKeywordLogger</class>
  <method>logMessage</method>
  <thread>1</thread>
  <message>Object &amp;apos;&amp;apos; is present</message>
  <nestedLevel>1</nestedLevel>
</record>
<record>
  <date>2019-09-18T23:36:06</date>
  <millis>1568867766518</millis>
  <sequence>485</sequence>
  <level>PASSED</level>
  <class>com.kms.katalon.core.logging.XmlKeywordLogger</class>
  <method>logMessage</method>
  <thread>1</thread>
  <message>Text &amp;apos;22&amp;apos; is set on object &amp;apos;&amp;apos;</message>
  <nestedLevel>1</nestedLevel>
</record>
<record>
  <date>2019-09-18T23:36:06</date>
  <millis>1568867766518</millis>
  <sequence>486</sequence>
  <level>PASSED</level>
  <class>com.kms.katalon.core.logging.XmlKeywordLogger</class>
  <method>logMessage</method>
  <thread>1</thread>
  <message>Make_Payment.ts:Entered&amp;apos;22 into Amount</message>
  <nestedLevel>1</nestedLevel>
</record>
<record>
  <date>2019-09-18T23:36:07</date>
  <millis>1568867767105</millis>
  <sequence>494</sequence>
  <level>PASSED</level>
  <class>com.kms.katalon.core.logging.XmlKeywordLogger</class>
  <method>logMessage</method>
  <thread>1</thread>
  <message>Object &amp;apos;&amp;apos; is present</message>
  <nestedLevel>1</nestedLevel>
</record>
<record>
  <date>2019-09-18T23:36:07</date>
  <millis>1568867767279</millis>
  <sequence>502</sequence>
  <level>PASSED</level>
  <class>com.kms.katalon.core.logging.XmlKeywordLogger</class>
  <method>logMessage</method>
  <thread>1</thread>
  <message>Text &amp;apos;Payment for testing&amp;apos; is set on object &amp;apos;&amp;apos;</message>
  <nestedLevel>1</nestedLevel>
</record>
<record>
  <date>2019-09-18T23:36:07</date>
  <millis>1568867767279</millis>
  <sequence>503</sequence>
  <level>PASSED</level>
  <class>com.kms.katalon.core.logging.XmlKeywordLogger</class>
  <method>logMessage</method>
  <thread>1</thread>
  <message>Make_Payment.ts:Entered&amp;apos;Payment for testing into Comments</message>
  <nestedLevel>1</nestedLevel>
</record>
<record>
  <date>2019-09-18T23:36:07</date>
  <millis>1568867767280</millis>
  <sequence>504</sequence>
  <level>END</level>
  <class>com.kms.katalon.core.logging.XmlKeywordLogger</class>
  <method>endKeyword</method>
  <thread>1</thread>
  <message>End action : pages.Payment_Page.setAmount(\&amp;quot;2\&amp;quot;, paymentAmount2, \&amp;quot;Payment for testing\&amp;quot;, \&amp;quot;22\&amp;quot;)</message>
  <nestedLevel>1</nestedLevel>
</record>
<record>
  <date>2019-09-18T23:36:07</date>
  <millis>1568867767280</millis>
  <sequence>505</sequence>
  <level>START</level>
  <class>com.kms.katalon.core.logging.XmlKeywordLogger</class>
  <method>startKeyword</method>
  <thread>1</thread>
  <message>Start action : utilities.SafeActions.safeCheck(findTestObject(\&amp;quot;MAKE_ PAYMENT/Home_ Page/BANK_CARD\&amp;quot;), \&amp;quot;Bank card\&amp;quot;, [pageLoadTime])</message>
  <nestedLevel>1</nestedLevel>
  <property name="startLine">32</property>
  <property name="stepIndex">7</property>
</record>
<record>
  <date>2019-09-18T23:36:07</date>
  <millis>1568867767421</millis>
  <sequence>511</sequence>
  <level>PASSED</level>
  <class>com.kms.katalon.core.logging.XmlKeywordLogger</class>
  <method>logMessage</method>
  <thread>1</thread>
  <message>Object &amp;apos;Object Repository/MAKE_ PAYMENT/Home_ Page/BANK_CARD&amp;apos; is present</message>
  <nestedLevel>1</nestedLevel>
</record>
<record>
  <date>2019-09-18T23:36:07</date>
  <millis>1568867767509</millis>
  <sequence>517</sequence>
  <level>PASSED</level>
  <class>com.kms.katalon.core.logging.XmlKeywordLogger</class>
  <method>logMessage</method>
  <thread>1</thread>
  <message>Object: &amp;apos;Object Repository/MAKE_ PAYMENT/Home_ Page/BANK_CARD&amp;apos; is clicked on</message>
  <nestedLevel>1</nestedLevel>
</record>
<record>
  <date>2019-09-18T23:36:07</date>
  <millis>1568867767509</millis>
  <sequence>518</sequence>
  <level>PASSED</level>
  <class>com.kms.katalon.core.logging.XmlKeywordLogger</class>
  <method>logMessage</method>
  <thread>1</thread>
  <message>Make_Payment.ts:Checkbox &amp;apos;Bank card&amp;apos;is selected</message>
  <nestedLevel>1</nestedLevel>
</record>
<record>
  <date>2019-09-18T23:36:07</date>
  <millis>1568867767510</millis>
  <sequence>519</sequence>
  <level>END</level>
  <class>com.kms.katalon.core.logging.XmlKeywordLogger</class>
  <method>endKeyword</method>
  <thread>1</thread>
  <message>End action : utilities.SafeActions.safeCheck(findTestObject(\&amp;quot;MAKE_ PAYMENT/Home_ Page/BANK_CARD\&amp;quot;), \&amp;quot;Bank card\&amp;quot;, [pageLoadTime])</message>
  <nestedLevel>1</nestedLevel>
</record>
<record>
  <date>2019-09-18T23:36:07</date>
  <millis>1568867767510</millis>
  <sequence>520</sequence>
  <level>START</level>
  <class>com.kms.katalon.core.logging.XmlKeywordLogger</class>
  <method>startKeyword</method>
  <thread>1</thread>
  <message>Start action : waitForPageLoad(0)</message>
  <nestedLevel>1</nestedLevel>
  <property name="startLine">34</property>
  <property name="stepIndex">8</property>
</record>
<record>
  <date>2019-09-18T23:36:07</date>
  <millis>1568867767514</millis>
  <sequence>522</sequence>
  <level>WARNING</level>
  <class>com.kms.katalon.core.logging.XmlKeywordLogger</class>
  <method>logMessage</method>
  <thread>1</thread>
  <message>Timeout &amp;apos;0&amp;apos; is invalid. Using default page load timeout: &amp;apos;30&amp;apos;</message>
  <nestedLevel>1</nestedLevel>
</record>
<record>
  <date>2019-09-18T23:36:07</date>
  <millis>1568867767522</millis>
  <sequence>523</sequence>
  <level>PASSED</level>
  <class>com.kms.katalon.core.logging.XmlKeywordLogger</class>
  <method>logMessage</method>
  <thread>1</thread>
  <message>Wait for page load successfully</message>
  <nestedLevel>1</nestedLevel>
</record>
<record>
  <date>2019-09-18T23:36:07</date>
  <millis>1568867767523</millis>
  <sequence>524</sequence>
  <level>END</level>
  <class>com.kms.katalon.core.logging.XmlKeywordLogger</class>
  <method>endKeyword</method>
  <thread>1</thread>
  <message>End action : waitForPageLoad(0)</message>
  <nestedLevel>1</nestedLevel>
</record>
<record>
  <date>2019-09-18T23:36:07</date>
  <millis>1568867767524</millis>
  <sequence>525</sequence>
  <level>START</level>
  <class>com.kms.katalon.core.logging.XmlKeywordLogger</class>
  <method>startKeyword</method>
  <thread>1</thread>
  <message>Start action : utilities.SafeActions.safeSelectOptionInDropdownByVisibleText(findTestObject(\&amp;quot;MAKE_ PAYMENT/Home_ Page/CARD_TYPE\&amp;quot;), cardType, \&amp;quot;CardType\&amp;quot;, [pageLoadTime])</message>
  <nestedLevel>1</nestedLevel>
  <property name="startLine">36</property>
  <property name="stepIndex">9</property>
</record>
<record>
  <date>2019-09-18T23:36:07</date>
  <millis>1568867767625</millis>
  <sequence>531</sequence>
  <level>PASSED</level>
  <class>com.kms.katalon.core.logging.XmlKeywordLogger</class>
  <method>logMessage</method>
  <thread>1</thread>
  <message>Object &amp;apos;Object Repository/MAKE_ PAYMENT/Home_ Page/CARD_TYPE&amp;apos; is present</message>
  <nestedLevel>1</nestedLevel>
</record>
<record>
  <date>2019-09-18T23:36:07</date>
  <millis>1568867767744</millis>
  <sequence>537</sequence>
  <level>PASSED</level>
  <class>com.kms.katalon.core.logging.XmlKeywordLogger</class>
  <method>logMessage</method>
  <thread>1</thread>
  <message>Object: &amp;apos;Object Repository/MAKE_ PAYMENT/Home_ Page/CARD_TYPE&amp;apos; is clicked on</message>
  <nestedLevel>1</nestedLevel>
</record>
<record>
  <date>2019-09-18T23:36:07</date>
  <millis>1568867767843</millis>
  <sequence>544</sequence>
  <level>PASSED</level>
  <class>com.kms.katalon.core.logging.XmlKeywordLogger</class>
  <method>logMessage</method>
  <thread>1</thread>
  <message>All options with label &amp;apos;Discover&amp;apos; are selected in object &amp;apos;Object Repository/MAKE_ PAYMENT/Home_ Page/CARD_TYPE&amp;apos; </message>
  <nestedLevel>1</nestedLevel>
</record>
<record>
  <date>2019-09-18T23:36:07</date>
  <millis>1568867767844</millis>
  <sequence>545</sequence>
  <level>PASSED</level>
  <class>com.kms.katalon.core.logging.XmlKeywordLogger</class>
  <method>logMessage</method>
  <thread>1</thread>
  <message>selected dropdown option by visible text  Discoverfrom CardType</message>
  <nestedLevel>1</nestedLevel>
</record>
<record>
  <date>2019-09-18T23:36:07</date>
  <millis>1568867767844</millis>
  <sequence>546</sequence>
  <level>END</level>
  <class>com.kms.katalon.core.logging.XmlKeywordLogger</class>
  <method>endKeyword</method>
  <thread>1</thread>
  <message>End action : utilities.SafeActions.safeSelectOptionInDropdownByVisibleText(findTestObject(\&amp;quot;MAKE_ PAYMENT/Home_ Page/CARD_TYPE\&amp;quot;), cardType, \&amp;quot;CardType\&amp;quot;, [pageLoadTime])</message>
  <nestedLevel>1</nestedLevel>
</record>
<record>
  <date>2019-09-18T23:36:07</date>
  <millis>1568867767845</millis>
  <sequence>547</sequence>
  <level>START</level>
  <class>com.kms.katalon.core.logging.XmlKeywordLogger</class>
  <method>startKeyword</method>
  <thread>1</thread>
  <message>Start action : utilities.SafeActions.safeSelectOptionInDropdownByVisibleText(findTestObject(\&amp;quot;MAKE_ PAYMENT/Home_ Page/PAYMENT_TYPE\&amp;quot;), paymentType, \&amp;quot;Payment Type\&amp;quot;, [pageLoadTime])</message>
  <nestedLevel>1</nestedLevel>
  <property name="startLine">39</property>
  <property name="stepIndex">10</property>
</record>
<record>
  <date>2019-09-18T23:36:07</date>
  <millis>1568867767930</millis>
  <sequence>553</sequence>
  <level>PASSED</level>
  <class>com.kms.katalon.core.logging.XmlKeywordLogger</class>
  <method>logMessage</method>
  <thread>1</thread>
  <message>Object &amp;apos;Object Repository/MAKE_ PAYMENT/Home_ Page/PAYMENT_TYPE&amp;apos; is present</message>
  <nestedLevel>1</nestedLevel>
</record>
<record>
  <date>2019-09-18T23:36:08</date>
  <millis>1568867768031</millis>
  <sequence>559</sequence>
  <level>PASSED</level>
  <class>com.kms.katalon.core.logging.XmlKeywordLogger</class>
  <method>logMessage</method>
  <thread>1</thread>
  <message>Object: &amp;apos;Object Repository/MAKE_ PAYMENT/Home_ Page/PAYMENT_TYPE&amp;apos; is clicked on</message>
  <nestedLevel>1</nestedLevel>
</record>
<record>
  <date>2019-09-18T23:36:08</date>
  <millis>1568867768134</millis>
  <sequence>566</sequence>
  <level>PASSED</level>
  <class>com.kms.katalon.core.logging.XmlKeywordLogger</class>
  <method>logMessage</method>
  <thread>1</thread>
  <message>All options with label &amp;apos;Gifts&amp;apos; are selected in object &amp;apos;Object Repository/MAKE_ PAYMENT/Home_ Page/PAYMENT_TYPE&amp;apos; </message>
  <nestedLevel>1</nestedLevel>
</record>
<record>
  <date>2019-09-18T23:36:08</date>
  <millis>1568867768135</millis>
  <sequence>567</sequence>
  <level>PASSED</level>
  <class>com.kms.katalon.core.logging.XmlKeywordLogger</class>
  <method>logMessage</method>
  <thread>1</thread>
  <message>selected dropdown option by visible text  Giftsfrom Payment Type</message>
  <nestedLevel>1</nestedLevel>
</record>
<record>
  <date>2019-09-18T23:36:08</date>
  <millis>1568867768135</millis>
  <sequence>568</sequence>
  <level>END</level>
  <class>com.kms.katalon.core.logging.XmlKeywordLogger</class>
  <method>endKeyword</method>
  <thread>1</thread>
  <message>End action : utilities.SafeActions.safeSelectOptionInDropdownByVisibleText(findTestObject(\&amp;quot;MAKE_ PAYMENT/Home_ Page/PAYMENT_TYPE\&amp;quot;), paymentType, \&amp;quot;Payment Type\&amp;quot;, [pageLoadTime])</message>
  <nestedLevel>1</nestedLevel>
</record>
<record>
  <date>2019-09-18T23:36:08</date>
  <millis>1568867768136</millis>
  <sequence>569</sequence>
  <level>START</level>
  <class>com.kms.katalon.core.logging.XmlKeywordLogger</class>
  <method>startKeyword</method>
  <thread>1</thread>
  <message>Start action : utilities.SafeActions.safeClick(findTestObject(\&amp;quot;MAKE_ PAYMENT/Home_ Page/CONTINUE\&amp;quot;), \&amp;quot;Continue\&amp;quot;, [pageLoadTime])</message>
  <nestedLevel>1</nestedLevel>
  <property name="startLine">42</property>
  <property name="stepIndex">11</property>
</record>
<record>
  <date>2019-09-18T23:36:08</date>
  <millis>1568867768202</millis>
  <sequence>571</sequence>
  <level>INFO</level>
  <class>com.kms.katalon.core.logging.XmlKeywordLogger</class>
  <method>logMessage</method>
  <thread>1</thread>
  <message>safeClicking</message>
  <nestedLevel>1</nestedLevel>
</record>
<record>
  <date>2019-09-18T23:36:08</date>
  <millis>1568867768219</millis>
  <sequence>576</sequence>
  <level>PASSED</level>
  <class>com.kms.katalon.core.logging.XmlKeywordLogger</class>
  <method>logMessage</method>
  <thread>1</thread>
  <message>Object &amp;apos;Object Repository/MAKE_ PAYMENT/Home_ Page/CONTINUE&amp;apos; is present</message>
  <nestedLevel>1</nestedLevel>
</record>
<record>
  <date>2019-09-18T23:36:08</date>
  <millis>1568867768248</millis>
  <sequence>582</sequence>
  <level>PASSED</level>
  <class>com.kms.katalon.core.logging.XmlKeywordLogger</class>
  <method>logMessage</method>
  <thread>1</thread>
  <message>Object &amp;apos;Object Repository/MAKE_ PAYMENT/Home_ Page/CONTINUE&amp;apos; is clickable</message>
  <nestedLevel>1</nestedLevel>
</record>
<record>
  <date>2019-09-18T23:36:08</date>
  <millis>1568867768499</millis>
  <sequence>588</sequence>
  <level>PASSED</level>
  <class>com.kms.katalon.core.logging.XmlKeywordLogger</class>
  <method>logMessage</method>
  <thread>1</thread>
  <message>Object: &amp;apos;Object Repository/MAKE_ PAYMENT/Home_ Page/CONTINUE&amp;apos; is clicked on</message>
  <nestedLevel>1</nestedLevel>
</record>
<record>
  <date>2019-09-18T23:36:08</date>
  <millis>1568867768499</millis>
  <sequence>589</sequence>
  <level>PASSED</level>
  <class>com.kms.katalon.core.logging.XmlKeywordLogger</class>
  <method>logMessage</method>
  <thread>1</thread>
  <message>Make_Payment.ts:Clicked on the Continue</message>
  <nestedLevel>1</nestedLevel>
</record>
<record>
  <date>2019-09-18T23:36:08</date>
  <millis>1568867768500</millis>
  <sequence>590</sequence>
  <level>END</level>
  <class>com.kms.katalon.core.logging.XmlKeywordLogger</class>
  <method>endKeyword</method>
  <thread>1</thread>
  <message>End action : utilities.SafeActions.safeClick(findTestObject(\&amp;quot;MAKE_ PAYMENT/Home_ Page/CONTINUE\&amp;quot;), \&amp;quot;Continue\&amp;quot;, [pageLoadTime])</message>
  <nestedLevel>1</nestedLevel>
</record>
<record>
  <date>2019-09-18T23:36:08</date>
  <millis>1568867768500</millis>
  <sequence>591</sequence>
  <level>START</level>
  <class>com.kms.katalon.core.logging.XmlKeywordLogger</class>
  <method>startKeyword</method>
  <thread>1</thread>
  <message>Start action : pages.Payment_Page.personalDetails(firstName, lastName, telephone)</message>
  <nestedLevel>1</nestedLevel>
  <property name="startLine">44</property>
  <property name="stepIndex">12</property>
</record>
<record>
  <date>2019-09-18T23:36:08</date>
  <millis>1568867768512</millis>
  <sequence>593</sequence>
  <level>ERROR</level>
  <class>com.kms.katalon.core.logging.XmlKeywordLogger</class>
  <method>logMessage</method>
  <thread>1</thread>
  <message>No signature of method: pages.Payment_Page.personalDetails() is applicable for argument types: (java.lang.String, java.lang.String, java.lang.String) values: [Soha, brave, 9640400667]\nPossible solutions: setPersonalDetails(java.lang.String, java.lang.String, java.lang.String)</message>
  <nestedLevel>1</nestedLevel>
  <property name="failed.exception.class">org.codehaus.groovy.runtime.metaclass.MissingMethodExceptionNoStack</property>
  <property name="failed.exception.stacktrace">org.codehaus.groovy.runtime.metaclass.MissingMethodExceptionNoStack: No signature of method: pages.Payment_Page.personalDetails() is applicable for argument types: (java.lang.String, java.lang.String, java.lang.String) values: [Soha, brave, 9640400667]\nPossible solutions: setPersonalDetails(java.lang.String, java.lang.String, java.lang.String)\r\n</property>
  <property name="failed.exception.message">No signature of method: pages.Payment_Page.personalDetails() is applicable for argument types: (java.lang.String, java.lang.String, java.lang.String) values: [Soha, brave, 9640400667]\nPossible solutions: setPersonalDetails(java.lang.String, java.lang.String, java.lang.String)</property>
</record>
<record>
  <date>2019-09-18T23:36:08</date>
  <millis>1568867768515</millis>
  <sequence>594</sequence>
  <level>END</level>
  <class>com.kms.katalon.core.logging.XmlKeywordLogger</class>
  <method>endKeyword</method>
  <thread>1</thread>
  <message>End action : pages.Payment_Page.personalDetails(firstName, lastName, telephone)</message>
  <nestedLevel>1</nestedLevel>
</record>
<record>
  <date>2019-09-18T23:36:08</date>
  <millis>1568867768522</millis>
  <sequence>596</sequence>
  <level>ERROR</level>
  <class>com.kms.katalon.core.logging.XmlKeywordLogger</class>
  <method>logMessage</method>
  <thread>1</thread>
  <message>Test Cases/Make_Payment/TC_Payment_002 FAILED.\nReason:\norg.codehaus.groovy.runtime.metaclass.MissingMethodExceptionNoStack: No signature of method: pages.Payment_Page.personalDetails() is applicable for argument types: (java.lang.String, java.lang.String, java.lang.String) values: [Soha, brave, 9640400667]\nPossible solutions: setPersonalDetails(java.lang.String, java.lang.String, java.lang.String)\r\n</message>
  <exception>
    <message>org.codehaus.groovy.runtime.metaclass.MissingMethodExceptionNoStack: No signature of method: pages.Payment_Page.personalDetails() is applicable for argument types: (java.lang.String, java.lang.String, java.lang.String) values: [Soha, brave, 9640400667]
Possible solutions: setPersonalDetails(java.lang.String, java.lang.String, java.lang.String)</message>
  </exception>
  <nestedLevel>0</nestedLevel>
  <property name="failed.exception.stacktrace">org.codehaus.groovy.runtime.metaclass.MissingMethodExceptionNoStack: No signature of method: pages.Payment_Page.personalDetails() is applicable for argument types: (java.lang.String, java.lang.String, java.lang.String) values: [Soha, brave, 9640400667]\nPossible solutions: setPersonalDetails(java.lang.String, java.lang.String, java.lang.String)\r\n</property>
  <property name="failed.exception.class">org.codehaus.groovy.runtime.metaclass.MissingMethodExceptionNoStack</property>
  <property name="failed.exception.message">No signature of method: pages.Payment_Page.personalDetails() is applicable for argument types: (java.lang.String, java.lang.String, java.lang.String) values: [Soha, brave, 9640400667]\nPossible solutions: setPersonalDetails(java.lang.String, java.lang.String, java.lang.String)</property>
</record>
<record>
  <date>2019-09-18T23:36:08</date>
  <millis>1568867768538</millis>
  <sequence>598</sequence>
  <level>START</level>
  <class>com.kms.katalon.core.logging.XmlKeywordLogger</class>
  <method>startKeyword</method>
  <thread>1</thread>
  <message>Start listener action : afterTestCase</message>
  <nestedLevel>1</nestedLevel>
</record>
<record>
  <date>2019-09-18T23:36:08</date>
  <millis>1568867768548</millis>
  <sequence>601</sequence>
  <level>END</level>
  <class>com.kms.katalon.core.logging.XmlKeywordLogger</class>
  <method>endKeyword</method>
  <thread>1</thread>
  <message>End listener action : afterTestCase</message>
  <nestedLevel>1</nestedLevel>
</record>
<record>
  <date>2019-09-18T23:36:08</date>
  <millis>1568867768549</millis>
  <sequence>602</sequence>
  <level>END</level>
  <class>com.kms.katalon.core.logging.XmlKeywordLogger</class>
  <method>endTest</method>
  <thread>1</thread>
  <message>End Test Case : Test Cases/Make_Payment/TC_Payment_002</message>
  <nestedLevel>0</nestedLevel>
</record>
<record>
  <date>2019-09-18T23:36:09</date>
  <millis>1568867769600</millis>
  <sequence>603</sequence>
  <level>END</level>
  <class>com.kms.katalon.core.logging.XmlKeywordLogger</class>
  <method>endSuite</method>
  <thread>1</thread>
  <message>End Test Suite : Test Suites/Certpay_Consumer/Make_Payment</message>
  <nestedLevel>0</nestedLevel>
</record>
</log>
