<?xml version="1.0" encoding="UTF-8" standalone="no"?>
<!DOCTYPE log SYSTEM "logger.dtd">
<log>
<record>
  <date>2019-10-04T04:45:03</date>
  <millis>1570182303159</millis>
  <sequence>0</sequence>
  <level>START</level>
  <class>com.kms.katalon.core.logging.XmlKeywordLogger</class>
  <method>startSuite</method>
  <thread>1</thread>
  <message>Start Test Suite : Test Suites/Certpay/Certpay_Quicksti</message>
  <nestedLevel>0</nestedLevel>
  <property name="name">Certpay_Quicksti</property>
  <property name="description"></property>
  <property name="id">Test Suites/Certpay/Certpay_Quicksti</property>
</record>
<record>
  <date>2019-10-04T04:45:03</date>
  <millis>1570182303194</millis>
  <sequence>1</sequence>
  <level>RUN_DATA</level>
  <class>com.kms.katalon.core.logging.XmlKeywordLogger</class>
  <method>logMessage</method>
  <thread>1</thread>
  <message>hostName = Pratyusha.Nulu - FW1-D-DTA-ZENQ2</message>
  <nestedLevel>0</nestedLevel>
  <property name="hostName">Pratyusha.Nulu - FW1-D-DTA-ZENQ2</property>
</record>
<record>
  <date>2019-10-04T04:45:03</date>
  <millis>1570182303199</millis>
  <sequence>2</sequence>
  <level>RUN_DATA</level>
  <class>com.kms.katalon.core.logging.XmlKeywordLogger</class>
  <method>logMessage</method>
  <thread>1</thread>
  <message>os = Windows 10 64bit</message>
  <nestedLevel>0</nestedLevel>
  <property name="os">Windows 10 64bit</property>
</record>
<record>
  <date>2019-10-04T04:45:03</date>
  <millis>1570182303204</millis>
  <sequence>3</sequence>
  <level>RUN_DATA</level>
  <class>com.kms.katalon.core.logging.XmlKeywordLogger</class>
  <method>logMessage</method>
  <thread>1</thread>
  <message>hostAddress = 172.25.52.169</message>
  <nestedLevel>0</nestedLevel>
  <property name="hostAddress">172.25.52.169</property>
</record>
<record>
  <date>2019-10-04T04:45:03</date>
  <millis>1570182303210</millis>
  <sequence>4</sequence>
  <level>RUN_DATA</level>
  <class>com.kms.katalon.core.logging.XmlKeywordLogger</class>
  <method>logMessage</method>
  <thread>1</thread>
  <message>katalonVersion = 6.3.2.4</message>
  <nestedLevel>0</nestedLevel>
  <property name="katalonVersion">6.3.2.4</property>
</record>
<record>
  <date>2019-10-04T04:45:03</date>
  <millis>1570182303832</millis>
  <sequence>5</sequence>
  <level>START</level>
  <class>com.kms.katalon.core.logging.XmlKeywordLogger</class>
  <method>startTest</method>
  <thread>1</thread>
  <message>Start Test Case : Test Cases/Certpay_Quicksti/TC_001_Visa_SingleLinePayment</message>
  <nestedLevel>1</nestedLevel>
  <property name="name">Test Cases/Certpay_Quicksti/TC_001_Visa_SingleLinePayment</property>
  <property name="description"></property>
  <property name="id">Test Cases/Certpay_Quicksti/TC_001_Visa_SingleLinePayment</property>
  <property name="source">C:\\Users\\Pratyusha.Nulu\\Katalon Studio\\FAPS_CERTPAY-quicksti\\Test Cases\\Certpay_Quicksti\\TC_001_Visa_SingleLinePayment.tc</property>
  <property name="tag"></property>
  <property name="isOptional">false</property>
</record>
<record>
  <date>2019-10-04T04:45:03</date>
  <millis>1570182303936</millis>
  <sequence>7</sequence>
  <level>INFO</level>
  <class>com.kms.katalon.core.logging.XmlKeywordLogger</class>
  <method>logMessage</method>
  <thread>1</thread>
  <message>(Default) expMonth = 03</message>
  <nestedLevel>1</nestedLevel>
</record>
<record>
  <date>2019-10-04T04:45:03</date>
  <millis>1570182303983</millis>
  <sequence>8</sequence>
  <level>INFO</level>
  <class>com.kms.katalon.core.logging.XmlKeywordLogger</class>
  <method>logMessage</method>
  <thread>1</thread>
  <message>(Default) expYear = 2022</message>
  <nestedLevel>1</nestedLevel>
</record>
<record>
  <date>2019-10-04T04:45:04</date>
  <millis>1570182304078</millis>
  <sequence>9</sequence>
  <level>INFO</level>
  <class>com.kms.katalon.core.logging.XmlKeywordLogger</class>
  <method>logMessage</method>
  <thread>1</thread>
  <message>(Default) securityCode = 207</message>
  <nestedLevel>1</nestedLevel>
</record>
<record>
  <date>2019-10-04T04:45:04</date>
  <millis>1570182304099</millis>
  <sequence>10</sequence>
  <level>INFO</level>
  <class>com.kms.katalon.core.logging.XmlKeywordLogger</class>
  <method>logMessage</method>
  <thread>1</thread>
  <message>(Default) paymentAmount = 15.00</message>
  <nestedLevel>1</nestedLevel>
</record>
<record>
  <date>2019-10-04T04:45:04</date>
  <millis>1570182304124</millis>
  <sequence>11</sequence>
  <level>INFO</level>
  <class>com.kms.katalon.core.logging.XmlKeywordLogger</class>
  <method>logMessage</method>
  <thread>1</thread>
  <message>(Default) quantity = 2</message>
  <nestedLevel>1</nestedLevel>
</record>
<record>
  <date>2019-10-04T04:45:04</date>
  <millis>1570182304196</millis>
  <sequence>12</sequence>
  <level>INFO</level>
  <class>com.kms.katalon.core.logging.XmlKeywordLogger</class>
  <method>logMessage</method>
  <thread>1</thread>
  <message>(Default) referenceNum = 11</message>
  <nestedLevel>1</nestedLevel>
</record>
<record>
  <date>2019-10-04T04:45:04</date>
  <millis>1570182304510</millis>
  <sequence>13</sequence>
  <level>INFO</level>
  <class>com.kms.katalon.core.logging.XmlKeywordLogger</class>
  <method>logMessage</method>
  <thread>1</thread>
  <message>(Default) address = 14-6</message>
  <nestedLevel>1</nestedLevel>
</record>
<record>
  <date>2019-10-04T04:45:04</date>
  <millis>1570182304536</millis>
  <sequence>14</sequence>
  <level>INFO</level>
  <class>com.kms.katalon.core.logging.XmlKeywordLogger</class>
  <method>logMessage</method>
  <thread>1</thread>
  <message>(Default) telephone = 9696404001</message>
  <nestedLevel>1</nestedLevel>
</record>
<record>
  <date>2019-10-04T04:45:04</date>
  <millis>1570182304844</millis>
  <sequence>15</sequence>
  <level>INFO</level>
  <class>com.kms.katalon.core.logging.XmlKeywordLogger</class>
  <method>logMessage</method>
  <thread>1</thread>
  <message>(Default) zipCode = 76102</message>
  <nestedLevel>1</nestedLevel>
</record>
<record>
  <date>2019-10-04T04:45:04</date>
  <millis>1570182304864</millis>
  <sequence>16</sequence>
  <level>INFO</level>
  <class>com.kms.katalon.core.logging.XmlKeywordLogger</class>
  <method>logMessage</method>
  <thread>1</thread>
  <message>(Default) emailAddress = testing@zenq.com</message>
  <nestedLevel>1</nestedLevel>
</record>
<record>
  <date>2019-10-04T04:45:04</date>
  <millis>1570182304867</millis>
  <sequence>17</sequence>
  <level>INFO</level>
  <class>com.kms.katalon.core.logging.XmlKeywordLogger</class>
  <method>logMessage</method>
  <thread>1</thread>
  <message>firstName = Prthyusha</message>
  <nestedLevel>1</nestedLevel>
</record>
<record>
  <date>2019-10-04T04:45:04</date>
  <millis>1570182304878</millis>
  <sequence>18</sequence>
  <level>INFO</level>
  <class>com.kms.katalon.core.logging.XmlKeywordLogger</class>
  <method>logMessage</method>
  <thread>1</thread>
  <message>lastName = Nulu</message>
  <nestedLevel>1</nestedLevel>
</record>
<record>
  <date>2019-10-04T04:45:04</date>
  <millis>1570182304878</millis>
  <sequence>19</sequence>
  <level>START</level>
  <class>com.kms.katalon.core.logging.XmlKeywordLogger</class>
  <method>startKeyword</method>
  <thread>1</thread>
  <message>Start listener action : beforeTestCase</message>
  <nestedLevel>1</nestedLevel>
</record>
<record>
  <date>2019-10-04T04:45:04</date>
  <millis>1570182304900</millis>
  <sequence>22</sequence>
  <level>END</level>
  <class>com.kms.katalon.core.logging.XmlKeywordLogger</class>
  <method>endKeyword</method>
  <thread>1</thread>
  <message>End listener action : beforeTestCase</message>
  <nestedLevel>1</nestedLevel>
</record>
<record>
  <date>2019-10-04T04:45:04</date>
  <millis>1570182304900</millis>
  <sequence>23</sequence>
  <level>START</level>
  <class>com.kms.katalon.core.logging.XmlKeywordLogger</class>
  <method>startKeyword</method>
  <thread>1</thread>
  <message>Start setup action : setupTestCase</message>
  <nestedLevel>1</nestedLevel>
  <property name="isIgnoredIfFailed">false</property>
</record>
<record>
  <date>2019-10-04T04:45:06</date>
  <millis>1570182306140</millis>
  <sequence>24</sequence>
  <level>PASSED</level>
  <class>com.kms.katalon.core.logging.XmlKeywordLogger</class>
  <method>logMessage</method>
  <thread>1</thread>
  <message>Method &amp;apos;setupTestCase&amp;apos; complete successfully</message>
  <nestedLevel>1</nestedLevel>
</record>
<record>
  <date>2019-10-04T04:45:06</date>
  <millis>1570182306142</millis>
  <sequence>25</sequence>
  <level>END</level>
  <class>com.kms.katalon.core.logging.XmlKeywordLogger</class>
  <method>endKeyword</method>
  <thread>1</thread>
  <message>End End action : setupTestCase</message>
  <nestedLevel>1</nestedLevel>
</record>
<record>
  <date>2019-10-04T04:45:07</date>
  <millis>1570182307740</millis>
  <sequence>26</sequence>
  <level>START</level>
  <class>com.kms.katalon.core.logging.XmlKeywordLogger</class>
  <method>startKeyword</method>
  <thread>1</thread>
  <message>Start action : utilities.SafeActions.openBrowser(Quicksti_Url, [pageLoadTime])</message>
  <nestedLevel>1</nestedLevel>
  <property name="startLine">16</property>
  <property name="stepIndex">1</property>
</record>
<record>
  <date>2019-10-04T04:45:08</date>
  <millis>1570182308551</millis>
  <sequence>27</sequence>
  <level>INFO</level>
  <class>com.kms.katalon.core.logging.XmlKeywordLogger</class>
  <method>logMessage</method>
  <thread>1</thread>
  <message>Opening Browser</message>
  <nestedLevel>1</nestedLevel>
</record>
<record>
  <date>2019-10-04T04:45:09</date>
  <millis>1570182309946</millis>
  <sequence>29</sequence>
  <level>INFO</level>
  <class>com.kms.katalon.core.logging.XmlKeywordLogger</class>
  <method>logMessage</method>
  <thread>1</thread>
  <message>Starting &amp;apos;Chrome&amp;apos; driver</message>
  <nestedLevel>1</nestedLevel>
</record>
<record>
  <date>2019-10-04T04:45:10</date>
  <millis>1570182310209</millis>
  <sequence>31</sequence>
  <level>INFO</level>
  <class>com.kms.katalon.core.logging.XmlKeywordLogger</class>
  <method>logMessage</method>
  <thread>1</thread>
  <message>Action delay is set to 0 seconds</message>
  <nestedLevel>1</nestedLevel>
</record>
